mode: atomic
github.com/samouraiworld/gnomonitoring/backend/main.go:17.13,25.16 4 0
github.com/samouraiworld/gnomonitoring/backend/main.go:25.16,27.3 1 0
github.com/samouraiworld/gnomonitoring/backend/main.go:29.2,30.16 2 0
github.com/samouraiworld/gnomonitoring/backend/main.go:30.16,32.3 1 0
github.com/samouraiworld/gnomonitoring/backend/main.go:34.2,34.37 1 0
github.com/samouraiworld/gnomonitoring/backend/main.go:34.37,36.3 1 0
github.com/samouraiworld/gnomonitoring/backend/main.go:38.2,46.30 3 0
github.com/samouraiworld/gnomonitoring/backend/main.go:46.30,48.3 1 0
github.com/samouraiworld/gnomonitoring/backend/main.go:48.8,50.3 1 0
github.com/samouraiworld/gnomonitoring/backend/main.go:54.2,64.12 7 0
github.com/samouraiworld/gnomonitoring/backend/main.go:64.12,65.140 1 0
github.com/samouraiworld/gnomonitoring/backend/main.go:65.140,67.4 1 0
github.com/samouraiworld/gnomonitoring/backend/main.go:71.2,76.12 4 0
github.com/samouraiworld/gnomonitoring/backend/main.go:76.12,77.134 1 0
github.com/samouraiworld/gnomonitoring/backend/main.go:77.134,79.4 1 0
github.com/samouraiworld/gnomonitoring/backend/main.go:84.2,91.9 5 0
github.com/samouraiworld/gnomonitoring/backend/internal/flag.go:10.18,14.2 2 0
github.com/samouraiworld/gnomonitoring/backend/internal/fonction.go:42.19,44.16 2 0
github.com/samouraiworld/gnomonitoring/backend/internal/fonction.go:44.16,46.3 1 0
github.com/samouraiworld/gnomonitoring/backend/internal/fonction.go:48.2,49.16 2 0
github.com/samouraiworld/gnomonitoring/backend/internal/fonction.go:49.16,51.3 1 0
github.com/samouraiworld/gnomonitoring/backend/internal/fonction.go:54.2,54.61 1 0
github.com/samouraiworld/gnomonitoring/backend/internal/fonction.go:54.61,56.19 2 0
github.com/samouraiworld/gnomonitoring/backend/internal/fonction.go:56.19,58.4 1 0
github.com/samouraiworld/gnomonitoring/backend/internal/fonction.go:61.2,62.63 2 0
github.com/samouraiworld/gnomonitoring/backend/internal/fonction.go:64.60,69.16 4 0
github.com/samouraiworld/gnomonitoring/backend/internal/fonction.go:69.16,71.3 1 0
github.com/samouraiworld/gnomonitoring/backend/internal/fonction.go:72.2,74.53 2 0
github.com/samouraiworld/gnomonitoring/backend/internal/fonction.go:74.53,76.3 1 0
github.com/samouraiworld/gnomonitoring/backend/internal/fonction.go:77.2,77.12 1 0
github.com/samouraiworld/gnomonitoring/backend/internal/fonction.go:80.58,85.16 4 0
github.com/samouraiworld/gnomonitoring/backend/internal/fonction.go:85.16,88.3 2 0
github.com/samouraiworld/gnomonitoring/backend/internal/fonction.go:89.2,91.38 2 0
github.com/samouraiworld/gnomonitoring/backend/internal/fonction.go:91.38,93.3 1 0
github.com/samouraiworld/gnomonitoring/backend/internal/fonction.go:94.2,94.12 1 0
github.com/samouraiworld/gnomonitoring/backend/internal/fonction.go:96.128,105.85 4 0
github.com/samouraiworld/gnomonitoring/backend/internal/fonction.go:105.85,107.3 1 0
github.com/samouraiworld/gnomonitoring/backend/internal/fonction.go:108.2,108.30 1 0
github.com/samouraiworld/gnomonitoring/backend/internal/fonction.go:108.30,113.18 2 0
github.com/samouraiworld/gnomonitoring/backend/internal/fonction.go:114.18,115.27 1 0
github.com/samouraiworld/gnomonitoring/backend/internal/fonction.go:115.27,130.19 7 0
github.com/samouraiworld/gnomonitoring/backend/internal/fonction.go:130.19,132.6 1 0
github.com/samouraiworld/gnomonitoring/backend/internal/fonction.go:133.5,133.27 1 0
github.com/samouraiworld/gnomonitoring/backend/internal/fonction.go:133.27,135.6 1 0
github.com/samouraiworld/gnomonitoring/backend/internal/fonction.go:137.4,137.26 1 0
github.com/samouraiworld/gnomonitoring/backend/internal/fonction.go:137.26,145.5 3 0
github.com/samouraiworld/gnomonitoring/backend/internal/fonction.go:146.4,148.22 3 0
github.com/samouraiworld/gnomonitoring/backend/internal/fonction.go:148.22,150.13 2 0
github.com/samouraiworld/gnomonitoring/backend/internal/fonction.go:153.16,154.27 1 0
github.com/samouraiworld/gnomonitoring/backend/internal/fonction.go:154.27,165.19 7 0
github.com/samouraiworld/gnomonitoring/backend/internal/fonction.go:165.19,167.6 1 0
github.com/samouraiworld/gnomonitoring/backend/internal/fonction.go:168.5,172.27 2 0
github.com/samouraiworld/gnomonitoring/backend/internal/fonction.go:172.27,175.6 1 0
github.com/samouraiworld/gnomonitoring/backend/internal/fonction.go:177.5,177.27 1 0
github.com/samouraiworld/gnomonitoring/backend/internal/fonction.go:177.27,185.6 3 0
github.com/samouraiworld/gnomonitoring/backend/internal/fonction.go:187.4,188.22 2 0
github.com/samouraiworld/gnomonitoring/backend/internal/fonction.go:188.22,190.13 2 0
github.com/samouraiworld/gnomonitoring/backend/internal/fonction.go:193.11,194.12 1 0
github.com/samouraiworld/gnomonitoring/backend/internal/fonction.go:199.2,199.25 1 0
github.com/samouraiworld/gnomonitoring/backend/internal/fonction.go:199.25,213.3 2 0
github.com/samouraiworld/gnomonitoring/backend/internal/fonction.go:215.2,215.24 1 0
github.com/samouraiworld/gnomonitoring/backend/internal/fonction.go:215.24,229.3 2 0
github.com/samouraiworld/gnomonitoring/backend/internal/fonction.go:231.2,233.12 2 0
github.com/samouraiworld/gnomonitoring/backend/internal/fonction.go:236.65,246.37 3 0
github.com/samouraiworld/gnomonitoring/backend/internal/fonction.go:246.37,248.3 1 0
github.com/samouraiworld/gnomonitoring/backend/internal/fonction.go:250.2,250.30 1 0
github.com/samouraiworld/gnomonitoring/backend/internal/fonction.go:250.30,251.18 1 0
github.com/samouraiworld/gnomonitoring/backend/internal/fonction.go:252.18,253.56 1 0
github.com/samouraiworld/gnomonitoring/backend/internal/fonction.go:253.56,255.5 1 0
github.com/samouraiworld/gnomonitoring/backend/internal/fonction.go:256.16,257.54 1 0
github.com/samouraiworld/gnomonitoring/backend/internal/fonction.go:257.54,259.5 1 0
github.com/samouraiworld/gnomonitoring/backend/internal/fonction.go:260.11,261.78 1 0
github.com/samouraiworld/gnomonitoring/backend/internal/fonction.go:265.2,265.12 1 0
github.com/samouraiworld/gnomonitoring/backend/internal/fonction.go:267.71,276.85 3 0
github.com/samouraiworld/gnomonitoring/backend/internal/fonction.go:276.85,278.3 1 0
github.com/samouraiworld/gnomonitoring/backend/internal/fonction.go:279.2,279.30 1 0
github.com/samouraiworld/gnomonitoring/backend/internal/fonction.go:279.30,280.18 1 0
github.com/samouraiworld/gnomonitoring/backend/internal/fonction.go:281.18,283.22 2 0
github.com/samouraiworld/gnomonitoring/backend/internal/fonction.go:283.22,285.13 2 0
github.com/samouraiworld/gnomonitoring/backend/internal/fonction.go:288.16,290.22 2 0
github.com/samouraiworld/gnomonitoring/backend/internal/fonction.go:290.22,292.13 2 0
github.com/samouraiworld/gnomonitoring/backend/internal/fonction.go:299.2,301.12 2 0
github.com/samouraiworld/gnomonitoring/backend/internal/fonction.go:304.69,313.85 3 0
github.com/samouraiworld/gnomonitoring/backend/internal/fonction.go:313.85,315.3 1 0
github.com/samouraiworld/gnomonitoring/backend/internal/fonction.go:316.2,316.30 1 0
github.com/samouraiworld/gnomonitoring/backend/internal/fonction.go:316.30,317.18 1 0
github.com/samouraiworld/gnomonitoring/backend/internal/fonction.go:318.18,320.22 2 0
github.com/samouraiworld/gnomonitoring/backend/internal/fonction.go:320.22,322.13 2 0
github.com/samouraiworld/gnomonitoring/backend/internal/fonction.go:325.16,327.22 2 0
github.com/samouraiworld/gnomonitoring/backend/internal/fonction.go:327.22,329.13 2 0
github.com/samouraiworld/gnomonitoring/backend/internal/fonction.go:336.2,337.12 2 0
github.com/samouraiworld/gnomonitoring/backend/internal/fonction.go:340.87,349.82 3 0
github.com/samouraiworld/gnomonitoring/backend/internal/fonction.go:349.82,351.3 1 0
github.com/samouraiworld/gnomonitoring/backend/internal/fonction.go:352.2,352.30 1 0
github.com/samouraiworld/gnomonitoring/backend/internal/fonction.go:352.30,356.3 1 0
github.com/samouraiworld/gnomonitoring/backend/internal/fonction.go:358.2,360.16 3 0
github.com/samouraiworld/gnomonitoring/backend/internal/fonction.go:360.16,362.3 1 0
github.com/samouraiworld/gnomonitoring/backend/internal/fonction.go:364.2,364.12 1 0
github.com/samouraiworld/gnomonitoring/backend/internal/fonction.go:368.95,370.15 1 0
github.com/samouraiworld/gnomonitoring/backend/internal/fonction.go:371.17,381.21 4 0
github.com/samouraiworld/gnomonitoring/backend/internal/fonction.go:381.21,384.4 1 0
github.com/samouraiworld/gnomonitoring/backend/internal/fonction.go:386.15,395.21 3 0
github.com/samouraiworld/gnomonitoring/backend/internal/fonction.go:395.21,398.4 1 0
github.com/samouraiworld/gnomonitoring/backend/internal/fonction.go:402.2,402.12 1 0
github.com/samouraiworld/gnomonitoring/backend/internal/fonction.go:406.52,415.82 3 0
github.com/samouraiworld/gnomonitoring/backend/internal/fonction.go:415.82,417.3 1 0
github.com/samouraiworld/gnomonitoring/backend/internal/fonction.go:418.2,418.30 1 0
github.com/samouraiworld/gnomonitoring/backend/internal/fonction.go:418.30,419.18 1 0
github.com/samouraiworld/gnomonitoring/backend/internal/fonction.go:420.18,422.22 2 0
github.com/samouraiworld/gnomonitoring/backend/internal/fonction.go:422.22,424.13 2 0
github.com/samouraiworld/gnomonitoring/backend/internal/fonction.go:427.16,429.22 2 0
github.com/samouraiworld/gnomonitoring/backend/internal/fonction.go:429.22,431.13 2 0
github.com/samouraiworld/gnomonitoring/backend/internal/fonction.go:438.2,438.12 1 0
github.com/samouraiworld/gnomonitoring/backend/internal/govdao/govdao.go:80.40,102.73 6 0
github.com/samouraiworld/gnomonitoring/backend/internal/govdao/govdao.go:102.73,104.3 1 0
github.com/samouraiworld/gnomonitoring/backend/internal/govdao/govdao.go:107.2,116.12 2 0
github.com/samouraiworld/gnomonitoring/backend/internal/govdao/govdao.go:119.49,162.73 4 0
github.com/samouraiworld/gnomonitoring/backend/internal/govdao/govdao.go:162.73,164.3 1 0
github.com/samouraiworld/gnomonitoring/backend/internal/govdao/govdao.go:165.2,165.38 1 0
github.com/samouraiworld/gnomonitoring/backend/internal/govdao/govdao.go:169.51,171.25 2 0
github.com/samouraiworld/gnomonitoring/backend/internal/govdao/govdao.go:171.25,172.41 1 0
github.com/samouraiworld/gnomonitoring/backend/internal/govdao/govdao.go:172.41,173.36 1 0
github.com/samouraiworld/gnomonitoring/backend/internal/govdao/govdao.go:173.36,174.35 1 0
github.com/samouraiworld/gnomonitoring/backend/internal/govdao/govdao.go:174.35,175.26 1 0
github.com/samouraiworld/gnomonitoring/backend/internal/govdao/govdao.go:175.26,177.7 1 0
github.com/samouraiworld/gnomonitoring/backend/internal/govdao/govdao.go:182.2,182.12 1 0
github.com/samouraiworld/gnomonitoring/backend/internal/govdao/govdao.go:185.35,194.6 4 0
github.com/samouraiworld/gnomonitoring/backend/internal/govdao/govdao.go:194.6,196.17 2 0
github.com/samouraiworld/gnomonitoring/backend/internal/govdao/govdao.go:196.17,199.28 3 0
github.com/samouraiworld/gnomonitoring/backend/internal/govdao/govdao.go:199.28,201.29 2 0
github.com/samouraiworld/gnomonitoring/backend/internal/govdao/govdao.go:201.29,203.6 1 0
github.com/samouraiworld/gnomonitoring/backend/internal/govdao/govdao.go:205.4,205.12 1 0
github.com/samouraiworld/gnomonitoring/backend/internal/govdao/govdao.go:209.3,254.7 8 0
github.com/samouraiworld/gnomonitoring/backend/internal/govdao/govdao.go:254.7,256.18 2 0
github.com/samouraiworld/gnomonitoring/backend/internal/govdao/govdao.go:256.18,259.10 3 0
github.com/samouraiworld/gnomonitoring/backend/internal/govdao/govdao.go:261.4,264.56 3 0
github.com/samouraiworld/gnomonitoring/backend/internal/govdao/govdao.go:264.56,266.13 2 0
github.com/samouraiworld/gnomonitoring/backend/internal/govdao/govdao.go:269.4,269.26 1 0
github.com/samouraiworld/gnomonitoring/backend/internal/govdao/govdao.go:269.26,271.13 1 0
github.com/samouraiworld/gnomonitoring/backend/internal/govdao/govdao.go:274.4,275.37 2 0
github.com/samouraiworld/gnomonitoring/backend/internal/govdao/govdao.go:278.3,279.14 2 0
github.com/samouraiworld/gnomonitoring/backend/internal/govdao/govdao.go:279.14,282.28 3 0
github.com/samouraiworld/gnomonitoring/backend/internal/govdao/govdao.go:282.28,284.29 2 0
github.com/samouraiworld/gnomonitoring/backend/internal/govdao/govdao.go:284.29,286.6 1 0
github.com/samouraiworld/gnomonitoring/backend/internal/govdao/govdao.go:292.51,294.16 2 0
github.com/samouraiworld/gnomonitoring/backend/internal/govdao/govdao.go:294.16,296.3 1 0
github.com/samouraiworld/gnomonitoring/backend/internal/govdao/govdao.go:297.2,303.16 3 0
github.com/samouraiworld/gnomonitoring/backend/internal/govdao/govdao.go:303.16,305.3 1 0
github.com/samouraiworld/gnomonitoring/backend/internal/govdao/govdao.go:307.2,307.27 1 0
github.com/samouraiworld/gnomonitoring/backend/internal/govdao/govdao.go:309.87,311.16 2 0
github.com/samouraiworld/gnomonitoring/backend/internal/govdao/govdao.go:311.16,313.3 1 0
github.com/samouraiworld/gnomonitoring/backend/internal/govdao/govdao.go:314.2,314.39 1 0
github.com/samouraiworld/gnomonitoring/backend/internal/govdao/govdao.go:314.39,316.3 1 0
github.com/samouraiworld/gnomonitoring/backend/internal/govdao/govdao.go:317.2,318.16 2 0
github.com/samouraiworld/gnomonitoring/backend/internal/govdao/govdao.go:318.16,320.3 1 0
github.com/samouraiworld/gnomonitoring/backend/internal/govdao/govdao.go:321.2,321.17 1 0
github.com/samouraiworld/gnomonitoring/backend/internal/govdao/govdao.go:324.56,329.2 4 0
github.com/samouraiworld/gnomonitoring/backend/internal/govdao/govdao.go:331.56,350.73 6 0
github.com/samouraiworld/gnomonitoring/backend/internal/govdao/govdao.go:350.73,352.3 1 0
github.com/samouraiworld/gnomonitoring/backend/internal/govdao/govdao.go:355.2,355.73 1 0
github.com/samouraiworld/gnomonitoring/backend/internal/govdao/govdao.go:355.73,357.3 1 0
github.com/samouraiworld/gnomonitoring/backend/internal/govdao/govdao.go:361.2,361.43 1 0
github.com/samouraiworld/gnomonitoring/backend/internal/govdao/govdao.go:364.30,366.16 2 0
github.com/samouraiworld/gnomonitoring/backend/internal/govdao/govdao.go:366.16,369.3 2 0
github.com/samouraiworld/gnomonitoring/backend/internal/govdao/govdao.go:370.2,370.27 1 0
github.com/samouraiworld/gnomonitoring/backend/internal/govdao/govdao.go:370.27,372.3 1 0
github.com/samouraiworld/gnomonitoring/backend/internal/govdao/govdao.go:376.63,377.40 1 0
github.com/samouraiworld/gnomonitoring/backend/internal/govdao/govdao.go:377.40,378.35 1 0
github.com/samouraiworld/gnomonitoring/backend/internal/govdao/govdao.go:378.35,379.34 1 0
github.com/samouraiworld/gnomonitoring/backend/internal/govdao/govdao.go:379.34,380.25 1 0
github.com/samouraiworld/gnomonitoring/backend/internal/govdao/govdao.go:380.25,386.20 3 0
github.com/samouraiworld/gnomonitoring/backend/internal/govdao/govdao.go:386.20,388.15 2 0
github.com/samouraiworld/gnomonitoring/backend/internal/govdao/govdao.go:392.6,393.20 2 0
github.com/samouraiworld/gnomonitoring/backend/internal/govdao/govdao.go:393.20,395.15 2 0
github.com/samouraiworld/gnomonitoring/backend/internal/govdao/govdao.go:398.6,399.20 2 0
github.com/samouraiworld/gnomonitoring/backend/internal/govdao/govdao.go:399.20,401.15 2 0
github.com/samouraiworld/gnomonitoring/backend/internal/govdao/govdao.go:405.6,410.20 4 0
github.com/samouraiworld/gnomonitoring/backend/internal/govdao/govdao.go:410.20,412.15 2 0
github.com/samouraiworld/gnomonitoring/backend/internal/govdao/govdao.go:415.6,424.17 5 0
github.com/samouraiworld/gnomonitoring/backend/internal/govdao/govdao.go:425.20,426.67 1 0
github.com/samouraiworld/gnomonitoring/backend/internal/govdao/govdao.go:437.87,439.16 2 0
github.com/samouraiworld/gnomonitoring/backend/internal/govdao/govdao.go:439.16,441.3 1 0
github.com/samouraiworld/gnomonitoring/backend/internal/govdao/govdao.go:443.2,443.39 1 0
github.com/samouraiworld/gnomonitoring/backend/internal/govdao/govdao.go:446.60,449.16 2 0
github.com/samouraiworld/gnomonitoring/backend/internal/govdao/govdao.go:449.16,451.3 1 0
github.com/samouraiworld/gnomonitoring/backend/internal/govdao/govdao.go:452.2,459.16 4 0
github.com/samouraiworld/gnomonitoring/backend/internal/govdao/govdao.go:459.16,461.3 1 0
github.com/samouraiworld/gnomonitoring/backend/internal/govdao/govdao.go:462.2,464.9 2 0
github.com/samouraiworld/gnomonitoring/backend/internal/govdao/govdao.go:465.41,466.25 1 0
github.com/samouraiworld/gnomonitoring/backend/internal/govdao/govdao.go:467.39,468.23 1 0
github.com/samouraiworld/gnomonitoring/backend/internal/govdao/govdao.go:469.41,470.28 1 0
github.com/samouraiworld/gnomonitoring/backend/internal/govdao/govdao.go:471.10,472.25 1 0
github.com/samouraiworld/gnomonitoring/backend/internal/govdao/govdao.go:476.39,478.47 2 0
github.com/samouraiworld/gnomonitoring/backend/internal/govdao/govdao.go:478.47,481.3 2 0
github.com/samouraiworld/gnomonitoring/backend/internal/govdao/govdao.go:483.2,483.27 1 0
github.com/samouraiworld/gnomonitoring/backend/internal/govdao/govdao.go:483.27,485.17 2 0
github.com/samouraiworld/gnomonitoring/backend/internal/govdao/govdao.go:485.17,487.12 2 0
github.com/samouraiworld/gnomonitoring/backend/internal/govdao/govdao.go:490.3,490.60 1 0
github.com/samouraiworld/gnomonitoring/backend/internal/govdao/govdao.go:490.60,516.52 7 0
github.com/samouraiworld/gnomonitoring/backend/internal/govdao/govdao.go:516.52,518.5 1 0
github.com/samouraiworld/gnomonitoring/backend/internal/govdao/govdao.go:523.40,528.6 3 0
github.com/samouraiworld/gnomonitoring/backend/internal/govdao/govdao.go:528.6,532.3 3 0
github.com/samouraiworld/gnomonitoring/backend/internal/govdao/govdao.go:535.31,538.2 2 0
github.com/samouraiworld/gnomonitoring/backend/internal/scheduler/scheduler.go:20.33,29.2 4 0
github.com/samouraiworld/gnomonitoring/backend/internal/scheduler/scheduler.go:31.43,36.16 2 0
github.com/samouraiworld/gnomonitoring/backend/internal/scheduler/scheduler.go:36.16,39.3 2 0
github.com/samouraiworld/gnomonitoring/backend/internal/scheduler/scheduler.go:40.2,42.18 2 0
github.com/samouraiworld/gnomonitoring/backend/internal/scheduler/scheduler.go:42.18,45.65 3 0
github.com/samouraiworld/gnomonitoring/backend/internal/scheduler/scheduler.go:45.65,47.12 2 0
github.com/samouraiworld/gnomonitoring/backend/internal/scheduler/scheduler.go:49.3,49.47 1 0
github.com/samouraiworld/gnomonitoring/backend/internal/scheduler/scheduler.go:53.51,59.16 2 0
github.com/samouraiworld/gnomonitoring/backend/internal/scheduler/scheduler.go:59.16,62.3 2 0
github.com/samouraiworld/gnomonitoring/backend/internal/scheduler/scheduler.go:63.2,65.18 2 0
github.com/samouraiworld/gnomonitoring/backend/internal/scheduler/scheduler.go:65.18,69.66 4 0
github.com/samouraiworld/gnomonitoring/backend/internal/scheduler/scheduler.go:69.66,71.12 2 0
github.com/samouraiworld/gnomonitoring/backend/internal/scheduler/scheduler.go:73.3,73.52 1 0
github.com/samouraiworld/gnomonitoring/backend/internal/scheduler/scheduler.go:76.97,81.49 3 0
github.com/samouraiworld/gnomonitoring/backend/internal/scheduler/scheduler.go:81.49,83.3 1 0
github.com/samouraiworld/gnomonitoring/backend/internal/scheduler/scheduler.go:86.2,88.12 3 0
github.com/samouraiworld/gnomonitoring/backend/internal/scheduler/scheduler.go:88.12,90.3 1 0
github.com/samouraiworld/gnomonitoring/backend/internal/scheduler/scheduler.go:92.101,98.46 4 0
github.com/samouraiworld/gnomonitoring/backend/internal/scheduler/scheduler.go:98.46,100.3 1 0
github.com/samouraiworld/gnomonitoring/backend/internal/scheduler/scheduler.go:103.2,105.12 3 0
github.com/samouraiworld/gnomonitoring/backend/internal/scheduler/scheduler.go:105.12,107.3 1 0
github.com/samouraiworld/gnomonitoring/backend/internal/scheduler/scheduler.go:109.69,121.16 3 0
github.com/samouraiworld/gnomonitoring/backend/internal/scheduler/scheduler.go:121.16,123.3 1 0
github.com/samouraiworld/gnomonitoring/backend/internal/scheduler/scheduler.go:124.2,125.12 2 0
github.com/samouraiworld/gnomonitoring/backend/internal/telegram/govdao.go:14.92,19.46 2 0
github.com/samouraiworld/gnomonitoring/backend/internal/telegram/govdao.go:19.46,23.18 3 0
github.com/samouraiworld/gnomonitoring/backend/internal/telegram/govdao.go:23.18,26.5 2 0
github.com/samouraiworld/gnomonitoring/backend/internal/telegram/govdao.go:27.4,30.18 3 0
github.com/samouraiworld/gnomonitoring/backend/internal/telegram/govdao.go:30.18,32.5 1 0
github.com/samouraiworld/gnomonitoring/backend/internal/telegram/govdao.go:34.4,34.66 1 0
github.com/samouraiworld/gnomonitoring/backend/internal/telegram/govdao.go:34.66,36.5 1 0
github.com/samouraiworld/gnomonitoring/backend/internal/telegram/govdao.go:40.57,44.18 3 0
github.com/samouraiworld/gnomonitoring/backend/internal/telegram/govdao.go:44.18,47.5 2 0
github.com/samouraiworld/gnomonitoring/backend/internal/telegram/govdao.go:48.4,51.18 3 0
github.com/samouraiworld/gnomonitoring/backend/internal/telegram/govdao.go:51.18,53.5 1 0
github.com/samouraiworld/gnomonitoring/backend/internal/telegram/govdao.go:54.4,54.66 1 0
github.com/samouraiworld/gnomonitoring/backend/internal/telegram/govdao.go:54.66,56.5 1 0
github.com/samouraiworld/gnomonitoring/backend/internal/telegram/govdao.go:59.52,62.18 2 0
github.com/samouraiworld/gnomonitoring/backend/internal/telegram/govdao.go:62.18,64.5 1 0
github.com/samouraiworld/gnomonitoring/backend/internal/telegram/govdao.go:65.4,65.66 1 0
github.com/samouraiworld/gnomonitoring/backend/internal/telegram/govdao.go:65.66,67.5 1 0
github.com/samouraiworld/gnomonitoring/backend/internal/telegram/govdao.go:71.41,75.4 2 0
github.com/samouraiworld/gnomonitoring/backend/internal/telegram/govdao.go:77.37,79.50 1 0
github.com/samouraiworld/gnomonitoring/backend/internal/telegram/govdao.go:79.50,81.5 1 0
github.com/samouraiworld/gnomonitoring/backend/internal/telegram/govdao.go:86.75,89.16 2 0
github.com/samouraiworld/gnomonitoring/backend/internal/telegram/govdao.go:89.16,92.3 1 0
github.com/samouraiworld/gnomonitoring/backend/internal/telegram/govdao.go:93.2,93.22 1 0
github.com/samouraiworld/gnomonitoring/backend/internal/telegram/govdao.go:93.22,95.3 1 0
github.com/samouraiworld/gnomonitoring/backend/internal/telegram/govdao.go:96.2,100.25 3 0
github.com/samouraiworld/gnomonitoring/backend/internal/telegram/govdao.go:100.25,102.3 1 0
github.com/samouraiworld/gnomonitoring/backend/internal/telegram/govdao.go:104.2,104.27 1 0
github.com/samouraiworld/gnomonitoring/backend/internal/telegram/govdao.go:104.27,106.17 1 0
github.com/samouraiworld/gnomonitoring/backend/internal/telegram/govdao.go:106.17,107.9 1 0
github.com/samouraiworld/gnomonitoring/backend/internal/telegram/govdao.go:109.3,110.28 2 0
github.com/samouraiworld/gnomonitoring/backend/internal/telegram/govdao.go:110.28,112.4 1 0
github.com/samouraiworld/gnomonitoring/backend/internal/telegram/govdao.go:113.3,113.32 1 0
github.com/samouraiworld/gnomonitoring/backend/internal/telegram/govdao.go:113.32,115.4 1 0
github.com/samouraiworld/gnomonitoring/backend/internal/telegram/govdao.go:116.3,116.29 1 0
github.com/samouraiworld/gnomonitoring/backend/internal/telegram/govdao.go:116.29,118.4 1 0
github.com/samouraiworld/gnomonitoring/backend/internal/telegram/govdao.go:120.3,131.5 1 0
github.com/samouraiworld/gnomonitoring/backend/internal/telegram/govdao.go:135.2,135.30 1 0
github.com/samouraiworld/gnomonitoring/backend/internal/telegram/govdao.go:137.75,140.16 2 0
github.com/samouraiworld/gnomonitoring/backend/internal/telegram/govdao.go:140.16,143.3 1 0
github.com/samouraiworld/gnomonitoring/backend/internal/telegram/govdao.go:144.2,144.22 1 0
github.com/samouraiworld/gnomonitoring/backend/internal/telegram/govdao.go:144.22,146.3 1 0
github.com/samouraiworld/gnomonitoring/backend/internal/telegram/govdao.go:148.2,148.25 1 0
github.com/samouraiworld/gnomonitoring/backend/internal/telegram/govdao.go:148.25,150.3 1 0
github.com/samouraiworld/gnomonitoring/backend/internal/telegram/govdao.go:151.2,154.27 3 0
github.com/samouraiworld/gnomonitoring/backend/internal/telegram/govdao.go:154.27,155.17 1 0
github.com/samouraiworld/gnomonitoring/backend/internal/telegram/govdao.go:155.17,156.9 1 0
github.com/samouraiworld/gnomonitoring/backend/internal/telegram/govdao.go:159.3,161.30 3 0
github.com/samouraiworld/gnomonitoring/backend/internal/telegram/govdao.go:165.2,165.30 1 0
github.com/samouraiworld/gnomonitoring/backend/internal/telegram/govdao.go:167.65,170.16 2 0
github.com/samouraiworld/gnomonitoring/backend/internal/telegram/govdao.go:170.16,173.3 1 0
github.com/samouraiworld/gnomonitoring/backend/internal/telegram/govdao.go:174.2,174.22 1 0
github.com/samouraiworld/gnomonitoring/backend/internal/telegram/govdao.go:174.22,176.3 1 0
github.com/samouraiworld/gnomonitoring/backend/internal/telegram/govdao.go:177.2,180.27 3 0
github.com/samouraiworld/gnomonitoring/backend/internal/telegram/govdao.go:180.27,186.3 2 0
github.com/samouraiworld/gnomonitoring/backend/internal/telegram/govdao.go:188.2,188.30 1 0
github.com/samouraiworld/gnomonitoring/backend/internal/telegram/govdao.go:191.100,195.16 3 0
github.com/samouraiworld/gnomonitoring/backend/internal/telegram/govdao.go:195.16,197.3 1 0
github.com/samouraiworld/gnomonitoring/backend/internal/telegram/govdao.go:199.2,199.12 1 0
github.com/samouraiworld/gnomonitoring/backend/internal/telegram/govdao.go:202.73,218.2 3 0
github.com/samouraiworld/gnomonitoring/backend/internal/telegram/govdao.go:219.32,239.2 14 0
github.com/samouraiworld/gnomonitoring/backend/internal/telegram/telegram.go:69.76,80.16 4 0
github.com/samouraiworld/gnomonitoring/backend/internal/telegram/telegram.go:80.16,82.3 1 0
github.com/samouraiworld/gnomonitoring/backend/internal/telegram/telegram.go:84.2,85.16 2 0
github.com/samouraiworld/gnomonitoring/backend/internal/telegram/telegram.go:85.16,87.3 1 0
github.com/samouraiworld/gnomonitoring/backend/internal/telegram/telegram.go:88.2,92.16 3 0
github.com/samouraiworld/gnomonitoring/backend/internal/telegram/telegram.go:92.16,94.3 1 0
github.com/samouraiworld/gnomonitoring/backend/internal/telegram/telegram.go:95.2,104.41 4 0
github.com/samouraiworld/gnomonitoring/backend/internal/telegram/telegram.go:104.41,106.3 1 0
github.com/samouraiworld/gnomonitoring/backend/internal/telegram/telegram.go:107.2,107.12 1 0
github.com/samouraiworld/gnomonitoring/backend/internal/telegram/telegram.go:110.116,119.19 3 0
github.com/samouraiworld/gnomonitoring/backend/internal/telegram/telegram.go:119.19,121.3 1 0
github.com/samouraiworld/gnomonitoring/backend/internal/telegram/telegram.go:123.2,124.16 2 0
github.com/samouraiworld/gnomonitoring/backend/internal/telegram/telegram.go:124.16,126.3 1 0
github.com/samouraiworld/gnomonitoring/backend/internal/telegram/telegram.go:128.2,129.16 2 0
github.com/samouraiworld/gnomonitoring/backend/internal/telegram/telegram.go:129.16,131.3 1 0
github.com/samouraiworld/gnomonitoring/backend/internal/telegram/telegram.go:132.2,136.16 3 0
github.com/samouraiworld/gnomonitoring/backend/internal/telegram/telegram.go:136.16,138.3 1 0
github.com/samouraiworld/gnomonitoring/backend/internal/telegram/telegram.go:139.2,146.41 4 0
github.com/samouraiworld/gnomonitoring/backend/internal/telegram/telegram.go:146.41,148.3 1 0
github.com/samouraiworld/gnomonitoring/backend/internal/telegram/telegram.go:149.2,149.12 1 0
github.com/samouraiworld/gnomonitoring/backend/internal/telegram/telegram.go:152.131,162.19 3 0
github.com/samouraiworld/gnomonitoring/backend/internal/telegram/telegram.go:162.19,164.3 1 0
github.com/samouraiworld/gnomonitoring/backend/internal/telegram/telegram.go:166.2,167.16 2 0
github.com/samouraiworld/gnomonitoring/backend/internal/telegram/telegram.go:167.16,169.3 1 0
github.com/samouraiworld/gnomonitoring/backend/internal/telegram/telegram.go:171.2,172.16 2 0
github.com/samouraiworld/gnomonitoring/backend/internal/telegram/telegram.go:172.16,174.3 1 0
github.com/samouraiworld/gnomonitoring/backend/internal/telegram/telegram.go:175.2,179.16 3 0
github.com/samouraiworld/gnomonitoring/backend/internal/telegram/telegram.go:179.16,181.3 1 0
github.com/samouraiworld/gnomonitoring/backend/internal/telegram/telegram.go:182.2,189.41 4 0
github.com/samouraiworld/gnomonitoring/backend/internal/telegram/telegram.go:189.41,191.3 1 0
github.com/samouraiworld/gnomonitoring/backend/internal/telegram/telegram.go:192.2,192.12 1 0
github.com/samouraiworld/gnomonitoring/backend/internal/telegram/telegram.go:195.61,201.16 4 0
github.com/samouraiworld/gnomonitoring/backend/internal/telegram/telegram.go:201.16,203.3 1 0
github.com/samouraiworld/gnomonitoring/backend/internal/telegram/telegram.go:204.2,205.16 2 0
github.com/samouraiworld/gnomonitoring/backend/internal/telegram/telegram.go:205.16,207.3 1 0
github.com/samouraiworld/gnomonitoring/backend/internal/telegram/telegram.go:208.2,212.16 3 0
github.com/samouraiworld/gnomonitoring/backend/internal/telegram/telegram.go:212.16,214.3 1 0
github.com/samouraiworld/gnomonitoring/backend/internal/telegram/telegram.go:215.2,216.12 2 0
github.com/samouraiworld/gnomonitoring/backend/internal/telegram/telegram.go:219.81,221.17 1 0
github.com/samouraiworld/gnomonitoring/backend/internal/telegram/telegram.go:221.17,223.3 1 0
github.com/samouraiworld/gnomonitoring/backend/internal/telegram/telegram.go:225.2,226.16 2 0
github.com/samouraiworld/gnomonitoring/backend/internal/telegram/telegram.go:226.16,229.3 2 0
github.com/samouraiworld/gnomonitoring/backend/internal/telegram/telegram.go:231.2,231.29 1 0
github.com/samouraiworld/gnomonitoring/backend/internal/telegram/telegram.go:231.29,234.17 2 0
github.com/samouraiworld/gnomonitoring/backend/internal/telegram/telegram.go:234.17,236.4 1 0
github.com/samouraiworld/gnomonitoring/backend/internal/telegram/telegram.go:236.9,238.4 1 0
github.com/samouraiworld/gnomonitoring/backend/internal/telegram/telegram.go:241.2,241.12 1 0
github.com/samouraiworld/gnomonitoring/backend/internal/telegram/telegram.go:243.92,245.17 1 0
github.com/samouraiworld/gnomonitoring/backend/internal/telegram/telegram.go:245.17,247.3 1 0
github.com/samouraiworld/gnomonitoring/backend/internal/telegram/telegram.go:249.2,250.16 2 0
github.com/samouraiworld/gnomonitoring/backend/internal/telegram/telegram.go:250.16,253.3 2 0
github.com/samouraiworld/gnomonitoring/backend/internal/telegram/telegram.go:255.2,255.29 1 0
github.com/samouraiworld/gnomonitoring/backend/internal/telegram/telegram.go:255.29,258.17 2 0
github.com/samouraiworld/gnomonitoring/backend/internal/telegram/telegram.go:258.17,260.12 2 0
github.com/samouraiworld/gnomonitoring/backend/internal/telegram/telegram.go:263.3,263.21 1 0
github.com/samouraiworld/gnomonitoring/backend/internal/telegram/telegram.go:263.21,265.12 2 0
github.com/samouraiworld/gnomonitoring/backend/internal/telegram/telegram.go:268.3,268.26 1 0
github.com/samouraiworld/gnomonitoring/backend/internal/telegram/telegram.go:268.26,270.22 1 0
github.com/samouraiworld/gnomonitoring/backend/internal/telegram/telegram.go:270.22,272.67 1 0
github.com/samouraiworld/gnomonitoring/backend/internal/telegram/telegram.go:272.67,274.14 2 0
github.com/samouraiworld/gnomonitoring/backend/internal/telegram/telegram.go:275.11,277.6 1 0
github.com/samouraiworld/gnomonitoring/backend/internal/telegram/telegram.go:278.5,278.10 1 0
github.com/samouraiworld/gnomonitoring/backend/internal/telegram/telegram.go:284.2,284.12 1 0
github.com/samouraiworld/gnomonitoring/backend/internal/telegram/telegram.go:288.63,289.60 1 0
github.com/samouraiworld/gnomonitoring/backend/internal/telegram/telegram.go:289.60,291.3 1 0
github.com/samouraiworld/gnomonitoring/backend/internal/telegram/telegram.go:292.2,292.33 1 0
github.com/samouraiworld/gnomonitoring/backend/internal/telegram/telegram.go:292.33,293.76 1 0
github.com/samouraiworld/gnomonitoring/backend/internal/telegram/telegram.go:293.76,299.4 5 0
github.com/samouraiworld/gnomonitoring/backend/internal/telegram/telegram.go:301.2,301.8 1 0
github.com/samouraiworld/gnomonitoring/backend/internal/telegram/telegram.go:308.183,313.6 4 0
github.com/samouraiworld/gnomonitoring/backend/internal/telegram/telegram.go:313.6,314.10 1 0
github.com/samouraiworld/gnomonitoring/backend/internal/telegram/telegram.go:315.25,316.14 1 0
github.com/samouraiworld/gnomonitoring/backend/internal/telegram/telegram.go:317.11,317.11 0 0
github.com/samouraiworld/gnomonitoring/backend/internal/telegram/telegram.go:320.3,321.17 2 0
github.com/samouraiworld/gnomonitoring/backend/internal/telegram/telegram.go:321.17,323.4 1 0
github.com/samouraiworld/gnomonitoring/backend/internal/telegram/telegram.go:325.3,326.17 2 0
github.com/samouraiworld/gnomonitoring/backend/internal/telegram/telegram.go:326.17,328.12 2 0
github.com/samouraiworld/gnomonitoring/backend/internal/telegram/telegram.go:330.3,331.69 2 0
github.com/samouraiworld/gnomonitoring/backend/internal/telegram/telegram.go:331.69,334.12 3 0
github.com/samouraiworld/gnomonitoring/backend/internal/telegram/telegram.go:336.3,337.18 2 0
github.com/samouraiworld/gnomonitoring/backend/internal/telegram/telegram.go:337.18,339.12 2 0
github.com/samouraiworld/gnomonitoring/backend/internal/telegram/telegram.go:342.3,342.37 1 0
github.com/samouraiworld/gnomonitoring/backend/internal/telegram/telegram.go:342.37,343.29 1 0
github.com/samouraiworld/gnomonitoring/backend/internal/telegram/telegram.go:343.29,345.5 1 0
github.com/samouraiworld/gnomonitoring/backend/internal/telegram/telegram.go:346.4,346.31 1 0
github.com/samouraiworld/gnomonitoring/backend/internal/telegram/telegram.go:346.31,347.81 1 0
github.com/samouraiworld/gnomonitoring/backend/internal/telegram/telegram.go:347.81,348.14 1 0
github.com/samouraiworld/gnomonitoring/backend/internal/telegram/telegram.go:350.5,351.31 2 0
github.com/samouraiworld/gnomonitoring/backend/internal/telegram/telegram.go:351.31,357.6 1 0
github.com/samouraiworld/gnomonitoring/backend/internal/telegram/telegram.go:358.5,358.13 1 0
github.com/samouraiworld/gnomonitoring/backend/internal/telegram/telegram.go:360.4,360.52 1 0
github.com/samouraiworld/gnomonitoring/backend/internal/telegram/telegram.go:360.52,361.13 1 0
github.com/samouraiworld/gnomonitoring/backend/internal/telegram/telegram.go:364.4,365.14 2 0
github.com/samouraiworld/gnomonitoring/backend/internal/telegram/telegram.go:365.14,367.19 2 0
github.com/samouraiworld/gnomonitoring/backend/internal/telegram/telegram.go:367.19,370.6 2 0
github.com/samouraiworld/gnomonitoring/backend/internal/telegram/telegram.go:371.5,371.41 1 0
github.com/samouraiworld/gnomonitoring/backend/internal/telegram/telegram.go:371.41,374.20 3 0
github.com/samouraiworld/gnomonitoring/backend/internal/telegram/telegram.go:374.20,377.7 2 0
github.com/samouraiworld/gnomonitoring/backend/internal/telegram/telegram.go:378.6,378.117 1 0
github.com/samouraiworld/gnomonitoring/backend/internal/telegram/telegram.go:381.4,381.85 1 0
github.com/samouraiworld/gnomonitoring/backend/internal/telegram/telegram.go:381.85,382.13 1 0
github.com/samouraiworld/gnomonitoring/backend/internal/telegram/telegram.go:385.4,386.11 2 0
github.com/samouraiworld/gnomonitoring/backend/internal/telegram/telegram.go:386.11,387.13 1 0
github.com/samouraiworld/gnomonitoring/backend/internal/telegram/telegram.go:389.4,389.40 1 0
github.com/samouraiworld/gnomonitoring/backend/internal/telegram/telegram.go:389.40,391.5 1 0
github.com/samouraiworld/gnomonitoring/backend/internal/telegram/telegram.go:391.10,391.47 1 0
github.com/samouraiworld/gnomonitoring/backend/internal/telegram/telegram.go:391.47,393.5 1 0
github.com/samouraiworld/gnomonitoring/backend/internal/telegram/telegram.go:398.49,400.43 2 0
github.com/samouraiworld/gnomonitoring/backend/internal/telegram/telegram.go:400.43,404.19 3 0
github.com/samouraiworld/gnomonitoring/backend/internal/telegram/telegram.go:404.19,408.4 3 0
github.com/samouraiworld/gnomonitoring/backend/internal/telegram/telegram.go:410.2,410.12 1 0
github.com/samouraiworld/gnomonitoring/backend/internal/telegram/validator.go:37.40,41.42 4 0
github.com/samouraiworld/gnomonitoring/backend/internal/telegram/validator.go:41.42,43.3 1 0
github.com/samouraiworld/gnomonitoring/backend/internal/telegram/validator.go:44.2,44.21 1 0
github.com/samouraiworld/gnomonitoring/backend/internal/telegram/validator.go:47.57,51.2 3 0
github.com/samouraiworld/gnomonitoring/backend/internal/telegram/validator.go:54.86,58.46 2 0
github.com/samouraiworld/gnomonitoring/backend/internal/telegram/validator.go:58.46,61.20 3 0
github.com/samouraiworld/gnomonitoring/backend/internal/telegram/validator.go:61.20,63.5 1 0
github.com/samouraiworld/gnomonitoring/backend/internal/telegram/validator.go:65.4,70.93 5 0
github.com/samouraiworld/gnomonitoring/backend/internal/telegram/validator.go:73.49,75.4 1 0
github.com/samouraiworld/gnomonitoring/backend/internal/telegram/validator.go:76.46,85.4 6 0
github.com/samouraiworld/gnomonitoring/backend/internal/telegram/validator.go:85.57,94.4 6 0
github.com/samouraiworld/gnomonitoring/backend/internal/telegram/validator.go:95.50,98.20 3 0
github.com/samouraiworld/gnomonitoring/backend/internal/telegram/validator.go:98.20,100.5 1 0
github.com/samouraiworld/gnomonitoring/backend/internal/telegram/validator.go:101.4,106.97 5 0
github.com/samouraiworld/gnomonitoring/backend/internal/telegram/validator.go:109.47,113.20 3 0
github.com/samouraiworld/gnomonitoring/backend/internal/telegram/validator.go:113.20,115.5 1 0
github.com/samouraiworld/gnomonitoring/backend/internal/telegram/validator.go:116.4,121.94 5 0
github.com/samouraiworld/gnomonitoring/backend/internal/telegram/validator.go:124.46,130.18 4 0
github.com/samouraiworld/gnomonitoring/backend/internal/telegram/validator.go:130.18,132.5 1 0
github.com/samouraiworld/gnomonitoring/backend/internal/telegram/validator.go:134.4,134.66 1 0
github.com/samouraiworld/gnomonitoring/backend/internal/telegram/validator.go:134.66,136.5 1 0
github.com/samouraiworld/gnomonitoring/backend/internal/telegram/validator.go:140.41,144.4 2 0
github.com/samouraiworld/gnomonitoring/backend/internal/telegram/validator.go:146.37,148.50 1 0
github.com/samouraiworld/gnomonitoring/backend/internal/telegram/validator.go:148.50,150.5 1 0
github.com/samouraiworld/gnomonitoring/backend/internal/telegram/validator.go:155.150,158.43 3 0
github.com/samouraiworld/gnomonitoring/backend/internal/telegram/validator.go:158.43,160.3 1 0
github.com/samouraiworld/gnomonitoring/backend/internal/telegram/validator.go:160.8,163.22 3 0
github.com/samouraiworld/gnomonitoring/backend/internal/telegram/validator.go:163.22,165.4 1 0
github.com/samouraiworld/gnomonitoring/backend/internal/telegram/validator.go:166.3,166.39 1 0
github.com/samouraiworld/gnomonitoring/backend/internal/telegram/validator.go:168.2,169.21 2 0
github.com/samouraiworld/gnomonitoring/backend/internal/telegram/validator.go:169.21,171.3 1 0
github.com/samouraiworld/gnomonitoring/backend/internal/telegram/validator.go:172.2,176.40 3 0
github.com/samouraiworld/gnomonitoring/backend/internal/telegram/validator.go:176.40,178.3 1 0
github.com/samouraiworld/gnomonitoring/backend/internal/telegram/validator.go:180.2,184.37 4 0
github.com/samouraiworld/gnomonitoring/backend/internal/telegram/validator.go:184.37,187.33 2 0
github.com/samouraiworld/gnomonitoring/backend/internal/telegram/validator.go:187.33,189.4 1 0
github.com/samouraiworld/gnomonitoring/backend/internal/telegram/validator.go:190.3,190.33 1 0
github.com/samouraiworld/gnomonitoring/backend/internal/telegram/validator.go:190.33,193.4 1 0
github.com/samouraiworld/gnomonitoring/backend/internal/telegram/validator.go:194.3,194.33 1 0
github.com/samouraiworld/gnomonitoring/backend/internal/telegram/validator.go:194.33,197.4 1 0
github.com/samouraiworld/gnomonitoring/backend/internal/telegram/validator.go:198.3,201.5 1 0
github.com/samouraiworld/gnomonitoring/backend/internal/telegram/validator.go:205.2,205.51 1 0
github.com/samouraiworld/gnomonitoring/backend/internal/telegram/validator.go:207.124,210.43 2 0
github.com/samouraiworld/gnomonitoring/backend/internal/telegram/validator.go:210.43,212.3 1 0
github.com/samouraiworld/gnomonitoring/backend/internal/telegram/validator.go:212.8,215.22 3 0
github.com/samouraiworld/gnomonitoring/backend/internal/telegram/validator.go:215.22,217.4 1 0
github.com/samouraiworld/gnomonitoring/backend/internal/telegram/validator.go:218.3,218.41 1 0
github.com/samouraiworld/gnomonitoring/backend/internal/telegram/validator.go:220.2,221.23 2 0
github.com/samouraiworld/gnomonitoring/backend/internal/telegram/validator.go:221.23,223.3 1 0
github.com/samouraiworld/gnomonitoring/backend/internal/telegram/validator.go:226.2,226.42 1 0
github.com/samouraiworld/gnomonitoring/backend/internal/telegram/validator.go:226.42,226.114 1 0
github.com/samouraiworld/gnomonitoring/backend/internal/telegram/validator.go:228.2,235.39 6 0
github.com/samouraiworld/gnomonitoring/backend/internal/telegram/validator.go:235.39,238.22 2 0
github.com/samouraiworld/gnomonitoring/backend/internal/telegram/validator.go:238.22,240.4 1 0
github.com/samouraiworld/gnomonitoring/backend/internal/telegram/validator.go:241.3,241.22 1 0
github.com/samouraiworld/gnomonitoring/backend/internal/telegram/validator.go:241.22,244.4 1 0
github.com/samouraiworld/gnomonitoring/backend/internal/telegram/validator.go:245.3,245.22 1 0
github.com/samouraiworld/gnomonitoring/backend/internal/telegram/validator.go:245.22,248.4 1 0
github.com/samouraiworld/gnomonitoring/backend/internal/telegram/validator.go:250.3,253.5 1 0
github.com/samouraiworld/gnomonitoring/backend/internal/telegram/validator.go:257.2,257.51 1 0
github.com/samouraiworld/gnomonitoring/backend/internal/telegram/validator.go:259.120,262.51 2 0
github.com/samouraiworld/gnomonitoring/backend/internal/telegram/validator.go:262.51,264.3 1 0
github.com/samouraiworld/gnomonitoring/backend/internal/telegram/validator.go:264.8,267.22 3 0
github.com/samouraiworld/gnomonitoring/backend/internal/telegram/validator.go:267.22,269.4 1 0
github.com/samouraiworld/gnomonitoring/backend/internal/telegram/validator.go:270.3,270.49 1 0
github.com/samouraiworld/gnomonitoring/backend/internal/telegram/validator.go:272.2,273.23 2 0
github.com/samouraiworld/gnomonitoring/backend/internal/telegram/validator.go:273.23,275.3 1 0
github.com/samouraiworld/gnomonitoring/backend/internal/telegram/validator.go:278.2,278.42 1 0
github.com/samouraiworld/gnomonitoring/backend/internal/telegram/validator.go:278.42,278.94 1 0
github.com/samouraiworld/gnomonitoring/backend/internal/telegram/validator.go:280.2,287.39 6 0
github.com/samouraiworld/gnomonitoring/backend/internal/telegram/validator.go:287.39,294.3 1 0
github.com/samouraiworld/gnomonitoring/backend/internal/telegram/validator.go:296.2,296.51 1 0
github.com/samouraiworld/gnomonitoring/backend/internal/telegram/validator.go:298.142,301.43 3 0
github.com/samouraiworld/gnomonitoring/backend/internal/telegram/validator.go:301.43,303.3 1 0
github.com/samouraiworld/gnomonitoring/backend/internal/telegram/validator.go:303.8,306.22 3 0
github.com/samouraiworld/gnomonitoring/backend/internal/telegram/validator.go:306.22,308.4 1 0
github.com/samouraiworld/gnomonitoring/backend/internal/telegram/validator.go:309.3,309.43 1 0
github.com/samouraiworld/gnomonitoring/backend/internal/telegram/validator.go:311.2,312.25 2 0
github.com/samouraiworld/gnomonitoring/backend/internal/telegram/validator.go:312.25,314.3 1 0
github.com/samouraiworld/gnomonitoring/backend/internal/telegram/validator.go:317.2,317.44 1 0
github.com/samouraiworld/gnomonitoring/backend/internal/telegram/validator.go:317.44,317.126 1 0
github.com/samouraiworld/gnomonitoring/backend/internal/telegram/validator.go:319.2,326.41 6 0
github.com/samouraiworld/gnomonitoring/backend/internal/telegram/validator.go:326.41,333.3 1 0
github.com/samouraiworld/gnomonitoring/backend/internal/telegram/validator.go:335.2,335.51 1 0
github.com/samouraiworld/gnomonitoring/backend/internal/telegram/validator.go:338.129,341.43 3 0
github.com/samouraiworld/gnomonitoring/backend/internal/telegram/validator.go:341.43,343.3 1 0
github.com/samouraiworld/gnomonitoring/backend/internal/telegram/validator.go:343.8,346.22 3 0
github.com/samouraiworld/gnomonitoring/backend/internal/telegram/validator.go:346.22,348.4 1 0
github.com/samouraiworld/gnomonitoring/backend/internal/telegram/validator.go:349.3,349.38 1 0
github.com/samouraiworld/gnomonitoring/backend/internal/telegram/validator.go:351.2,352.20 2 0
github.com/samouraiworld/gnomonitoring/backend/internal/telegram/validator.go:352.20,354.3 1 0
github.com/samouraiworld/gnomonitoring/backend/internal/telegram/validator.go:357.2,357.39 1 0
github.com/samouraiworld/gnomonitoring/backend/internal/telegram/validator.go:357.39,357.93 1 0
github.com/samouraiworld/gnomonitoring/backend/internal/telegram/validator.go:359.2,367.36 6 0
github.com/samouraiworld/gnomonitoring/backend/internal/telegram/validator.go:367.36,369.26 2 0
github.com/samouraiworld/gnomonitoring/backend/internal/telegram/validator.go:369.26,371.4 1 0
github.com/samouraiworld/gnomonitoring/backend/internal/telegram/validator.go:371.9,371.33 1 0
github.com/samouraiworld/gnomonitoring/backend/internal/telegram/validator.go:371.33,373.4 1 0
github.com/samouraiworld/gnomonitoring/backend/internal/telegram/validator.go:373.9,373.32 1 0
github.com/samouraiworld/gnomonitoring/backend/internal/telegram/validator.go:373.32,375.4 1 0
github.com/samouraiworld/gnomonitoring/backend/internal/telegram/validator.go:377.3,380.5 1 0
github.com/samouraiworld/gnomonitoring/backend/internal/telegram/validator.go:382.2,382.45 1 0
github.com/samouraiworld/gnomonitoring/backend/internal/telegram/validator.go:384.83,385.22 1 0
github.com/samouraiworld/gnomonitoring/backend/internal/telegram/validator.go:385.22,387.17 2 0
github.com/samouraiworld/gnomonitoring/backend/internal/telegram/validator.go:387.17,389.4 1 0
github.com/samouraiworld/gnomonitoring/backend/internal/telegram/validator.go:391.3,391.13 1 0
github.com/samouraiworld/gnomonitoring/backend/internal/telegram/validator.go:391.13,393.4 1 0
github.com/samouraiworld/gnomonitoring/backend/internal/telegram/validator.go:394.3,394.54 1 0
github.com/samouraiworld/gnomonitoring/backend/internal/telegram/validator.go:397.2,397.37 1 0
github.com/samouraiworld/gnomonitoring/backend/internal/telegram/validator.go:398.42,399.75 1 0
github.com/samouraiworld/gnomonitoring/backend/internal/telegram/validator.go:399.75,401.4 1 0
github.com/samouraiworld/gnomonitoring/backend/internal/telegram/validator.go:402.3,402.57 1 0
github.com/samouraiworld/gnomonitoring/backend/internal/telegram/validator.go:404.47,405.76 1 0
github.com/samouraiworld/gnomonitoring/backend/internal/telegram/validator.go:405.76,407.4 1 0
github.com/samouraiworld/gnomonitoring/backend/internal/telegram/validator.go:408.3,408.57 1 0
github.com/samouraiworld/gnomonitoring/backend/internal/telegram/validator.go:410.10,411.98 1 0
github.com/samouraiworld/gnomonitoring/backend/internal/telegram/validator.go:414.76,416.45 2 0
github.com/samouraiworld/gnomonitoring/backend/internal/telegram/validator.go:416.45,419.3 2 0
github.com/samouraiworld/gnomonitoring/backend/internal/telegram/validator.go:421.2,424.13 3 0
github.com/samouraiworld/gnomonitoring/backend/internal/telegram/validator.go:425.14,427.17 2 0
github.com/samouraiworld/gnomonitoring/backend/internal/telegram/validator.go:427.17,431.4 3 0
github.com/samouraiworld/gnomonitoring/backend/internal/telegram/validator.go:433.3,435.26 3 0
github.com/samouraiworld/gnomonitoring/backend/internal/telegram/validator.go:435.26,438.4 1 0
github.com/samouraiworld/gnomonitoring/backend/internal/telegram/validator.go:439.3,440.9 2 0
github.com/samouraiworld/gnomonitoring/backend/internal/telegram/validator.go:442.12,443.21 1 0
github.com/samouraiworld/gnomonitoring/backend/internal/telegram/validator.go:443.21,446.4 2 0
github.com/samouraiworld/gnomonitoring/backend/internal/telegram/validator.go:447.3,447.40 1 0
github.com/samouraiworld/gnomonitoring/backend/internal/telegram/validator.go:447.40,449.18 2 0
github.com/samouraiworld/gnomonitoring/backend/internal/telegram/validator.go:449.18,452.5 2 0
github.com/samouraiworld/gnomonitoring/backend/internal/telegram/validator.go:453.4,454.27 2 0
github.com/samouraiworld/gnomonitoring/backend/internal/telegram/validator.go:454.27,455.113 1 0
github.com/samouraiworld/gnomonitoring/backend/internal/telegram/validator.go:455.113,457.6 1 0
github.com/samouraiworld/gnomonitoring/backend/internal/telegram/validator.go:459.4,460.10 2 0
github.com/samouraiworld/gnomonitoring/backend/internal/telegram/validator.go:463.3,464.17 2 0
github.com/samouraiworld/gnomonitoring/backend/internal/telegram/validator.go:464.17,466.4 1 0
github.com/samouraiworld/gnomonitoring/backend/internal/telegram/validator.go:467.3,467.24 1 0
github.com/samouraiworld/gnomonitoring/backend/internal/telegram/validator.go:467.24,470.4 2 0
github.com/samouraiworld/gnomonitoring/backend/internal/telegram/validator.go:471.3,472.29 2 0
github.com/samouraiworld/gnomonitoring/backend/internal/telegram/validator.go:472.29,473.112 1 0
github.com/samouraiworld/gnomonitoring/backend/internal/telegram/validator.go:473.112,475.5 1 0
github.com/samouraiworld/gnomonitoring/backend/internal/telegram/validator.go:475.10,478.5 2 0
github.com/samouraiworld/gnomonitoring/backend/internal/telegram/validator.go:482.3,482.9 1 0
github.com/samouraiworld/gnomonitoring/backend/internal/telegram/validator.go:484.13,485.21 1 0
github.com/samouraiworld/gnomonitoring/backend/internal/telegram/validator.go:485.21,488.4 2 0
github.com/samouraiworld/gnomonitoring/backend/internal/telegram/validator.go:489.3,489.40 1 0
github.com/samouraiworld/gnomonitoring/backend/internal/telegram/validator.go:489.40,491.18 2 0
github.com/samouraiworld/gnomonitoring/backend/internal/telegram/validator.go:491.18,494.5 2 0
github.com/samouraiworld/gnomonitoring/backend/internal/telegram/validator.go:495.4,496.27 2 0
github.com/samouraiworld/gnomonitoring/backend/internal/telegram/validator.go:496.27,497.115 1 0
github.com/samouraiworld/gnomonitoring/backend/internal/telegram/validator.go:497.115,499.6 1 0
github.com/samouraiworld/gnomonitoring/backend/internal/telegram/validator.go:501.4,502.10 2 0
github.com/samouraiworld/gnomonitoring/backend/internal/telegram/validator.go:504.3,505.17 2 0
github.com/samouraiworld/gnomonitoring/backend/internal/telegram/validator.go:505.17,507.4 1 0
github.com/samouraiworld/gnomonitoring/backend/internal/telegram/validator.go:508.3,508.24 1 0
github.com/samouraiworld/gnomonitoring/backend/internal/telegram/validator.go:508.24,511.4 2 0
github.com/samouraiworld/gnomonitoring/backend/internal/telegram/validator.go:512.3,513.29 2 0
github.com/samouraiworld/gnomonitoring/backend/internal/telegram/validator.go:513.29,514.114 1 0
github.com/samouraiworld/gnomonitoring/backend/internal/telegram/validator.go:514.114,516.5 1 0
github.com/samouraiworld/gnomonitoring/backend/internal/telegram/validator.go:516.10,519.5 2 0
github.com/samouraiworld/gnomonitoring/backend/internal/telegram/validator.go:522.10,524.9 2 0
github.com/samouraiworld/gnomonitoring/backend/internal/telegram/validator.go:528.30,535.2 1 0
github.com/samouraiworld/gnomonitoring/backend/internal/telegram/validator.go:537.87,538.56 1 0
github.com/samouraiworld/gnomonitoring/backend/internal/telegram/validator.go:538.56,540.10 2 0
github.com/samouraiworld/gnomonitoring/backend/internal/telegram/validator.go:540.10,542.4 1 0
github.com/samouraiworld/gnomonitoring/backend/internal/telegram/validator.go:543.3,543.25 1 0
github.com/samouraiworld/gnomonitoring/backend/internal/telegram/validator.go:543.25,555.4 3 0
github.com/samouraiworld/gnomonitoring/backend/internal/telegram/validator.go:557.3,558.17 2 0
github.com/samouraiworld/gnomonitoring/backend/internal/telegram/validator.go:558.17,561.4 2 0
github.com/samouraiworld/gnomonitoring/backend/internal/telegram/validator.go:562.3,562.94 1 0
github.com/samouraiworld/gnomonitoring/backend/internal/telegram/validator.go:562.94,564.4 1 0
github.com/samouraiworld/gnomonitoring/backend/internal/telegram/validator.go:568.134,570.16 2 0
github.com/samouraiworld/gnomonitoring/backend/internal/telegram/validator.go:570.16,574.3 3 0
github.com/samouraiworld/gnomonitoring/backend/internal/telegram/validator.go:575.2,575.82 1 0
github.com/samouraiworld/gnomonitoring/backend/internal/telegram/validator.go:575.82,577.3 1 0
github.com/samouraiworld/gnomonitoring/backend/internal/telegram/validator.go:580.147,583.16 3 0
github.com/samouraiworld/gnomonitoring/backend/internal/telegram/validator.go:584.16,585.19 1 0
github.com/samouraiworld/gnomonitoring/backend/internal/telegram/validator.go:585.19,587.4 1 0
github.com/samouraiworld/gnomonitoring/backend/internal/telegram/validator.go:588.3,589.17 2 0
github.com/samouraiworld/gnomonitoring/backend/internal/telegram/validator.go:589.17,591.4 1 0
github.com/samouraiworld/gnomonitoring/backend/internal/telegram/validator.go:592.3,592.104 1 0
github.com/samouraiworld/gnomonitoring/backend/internal/telegram/validator.go:594.16,596.17 2 0
github.com/samouraiworld/gnomonitoring/backend/internal/telegram/validator.go:596.17,598.4 1 0
github.com/samouraiworld/gnomonitoring/backend/internal/telegram/validator.go:599.3,599.100 1 0
github.com/samouraiworld/gnomonitoring/backend/internal/telegram/validator.go:601.24,603.17 2 0
github.com/samouraiworld/gnomonitoring/backend/internal/telegram/validator.go:603.17,605.4 1 0
github.com/samouraiworld/gnomonitoring/backend/internal/telegram/validator.go:606.3,606.100 1 0
github.com/samouraiworld/gnomonitoring/backend/internal/telegram/validator.go:608.20,609.19 1 0
github.com/samouraiworld/gnomonitoring/backend/internal/telegram/validator.go:609.19,611.4 1 0
github.com/samouraiworld/gnomonitoring/backend/internal/telegram/validator.go:612.3,613.17 2 0
github.com/samouraiworld/gnomonitoring/backend/internal/telegram/validator.go:613.17,615.4 1 0
github.com/samouraiworld/gnomonitoring/backend/internal/telegram/validator.go:616.3,616.104 1 0
github.com/samouraiworld/gnomonitoring/backend/internal/telegram/validator.go:618.17,619.19 1 0
github.com/samouraiworld/gnomonitoring/backend/internal/telegram/validator.go:619.19,621.4 1 0
github.com/samouraiworld/gnomonitoring/backend/internal/telegram/validator.go:622.3,623.17 2 0
github.com/samouraiworld/gnomonitoring/backend/internal/telegram/validator.go:623.17,625.4 1 0
github.com/samouraiworld/gnomonitoring/backend/internal/telegram/validator.go:626.3,626.104 1 0
github.com/samouraiworld/gnomonitoring/backend/internal/telegram/validator.go:628.10,629.64 1 0
github.com/samouraiworld/gnomonitoring/backend/internal/telegram/validator.go:633.128,634.21 1 0
github.com/samouraiworld/gnomonitoring/backend/internal/telegram/validator.go:634.21,635.60 1 0
github.com/samouraiworld/gnomonitoring/backend/internal/telegram/validator.go:635.60,637.4 1 0
github.com/samouraiworld/gnomonitoring/backend/internal/telegram/validator.go:638.3,638.13 1 0
github.com/samouraiworld/gnomonitoring/backend/internal/telegram/validator.go:640.2,642.14 3 0
github.com/samouraiworld/gnomonitoring/backend/internal/telegram/validator.go:642.14,647.3 1 0
github.com/samouraiworld/gnomonitoring/backend/internal/telegram/validator.go:648.2,648.23 1 0
github.com/samouraiworld/gnomonitoring/backend/internal/telegram/validator.go:648.23,653.3 1 0
github.com/samouraiworld/gnomonitoring/backend/internal/telegram/validator.go:654.2,654.18 1 0
github.com/samouraiworld/gnomonitoring/backend/internal/telegram/validator.go:654.18,656.3 1 0
github.com/samouraiworld/gnomonitoring/backend/internal/telegram/validator.go:657.2,657.118 1 0
github.com/samouraiworld/gnomonitoring/backend/internal/telegram/validator.go:657.118,659.3 1 0
github.com/samouraiworld/gnomonitoring/backend/internal/telegram/validator.go:660.2,660.20 1 0
github.com/samouraiworld/gnomonitoring/backend/internal/telegram/validator.go:660.20,662.3 1 0
github.com/samouraiworld/gnomonitoring/backend/internal/telegram/validator.go:663.2,663.52 1 0
github.com/samouraiworld/gnomonitoring/backend/internal/telegram/validator.go:666.121,669.18 3 0
github.com/samouraiworld/gnomonitoring/backend/internal/telegram/validator.go:669.18,671.3 1 0
github.com/samouraiworld/gnomonitoring/backend/internal/telegram/validator.go:672.2,678.69 7 0
github.com/samouraiworld/gnomonitoring/backend/internal/telegram/validator.go:681.57,683.47 2 0
github.com/samouraiworld/gnomonitoring/backend/internal/telegram/validator.go:683.47,685.19 2 0
github.com/samouraiworld/gnomonitoring/backend/internal/telegram/validator.go:685.19,687.4 1 0
github.com/samouraiworld/gnomonitoring/backend/internal/telegram/validator.go:689.2,689.12 1 0
github.com/samouraiworld/gnomonitoring/backend/internal/telegram/validator.go:692.106,694.19 2 0
github.com/samouraiworld/gnomonitoring/backend/internal/telegram/validator.go:694.19,696.3 1 0
github.com/samouraiworld/gnomonitoring/backend/internal/telegram/validator.go:697.2,704.18 8 0
github.com/samouraiworld/gnomonitoring/backend/internal/telegram/validator.go:704.18,705.41 1 0
github.com/samouraiworld/gnomonitoring/backend/internal/telegram/validator.go:705.41,708.4 2 0
github.com/samouraiworld/gnomonitoring/backend/internal/telegram/validator.go:710.2,710.41 1 0
github.com/samouraiworld/gnomonitoring/backend/internal/telegram/validator.go:710.41,713.3 2 0
github.com/samouraiworld/gnomonitoring/backend/internal/telegram/validator.go:714.2,714.40 1 0
github.com/samouraiworld/gnomonitoring/backend/internal/telegram/validator.go:714.40,717.3 2 0
github.com/samouraiworld/gnomonitoring/backend/internal/telegram/validator.go:718.2,718.18 1 0
github.com/samouraiworld/gnomonitoring/backend/internal/telegram/validator.go:718.18,720.14 2 0
github.com/samouraiworld/gnomonitoring/backend/internal/telegram/validator.go:720.14,723.4 2 0
github.com/samouraiworld/gnomonitoring/backend/internal/telegram/validator.go:725.2,725.19 1 0
github.com/samouraiworld/gnomonitoring/backend/internal/telegram/validator.go:728.128,730.33 2 0
github.com/samouraiworld/gnomonitoring/backend/internal/telegram/validator.go:730.33,736.3 2 0
github.com/samouraiworld/gnomonitoring/backend/internal/telegram/validator.go:737.2,737.28 1 0
github.com/samouraiworld/gnomonitoring/backend/internal/telegram/validator.go:737.28,742.3 1 0
github.com/samouraiworld/gnomonitoring/backend/internal/telegram/validator.go:743.2,743.19 1 0
github.com/samouraiworld/gnomonitoring/backend/internal/telegram/validator.go:743.19,745.3 1 0
github.com/samouraiworld/gnomonitoring/backend/internal/telegram/validator.go:746.2,746.77 1 0
github.com/samouraiworld/gnomonitoring/backend/internal/telegram/validator.go:749.46,750.16 1 0
github.com/samouraiworld/gnomonitoring/backend/internal/telegram/validator.go:751.40,752.14 1 0
github.com/samouraiworld/gnomonitoring/backend/internal/telegram/validator.go:753.10,754.15 1 0
github.com/samouraiworld/gnomonitoring/backend/internal/telegram/validator.go:758.41,759.16 1 0
github.com/samouraiworld/gnomonitoring/backend/internal/telegram/validator.go:760.69,761.14 1 0
github.com/samouraiworld/gnomonitoring/backend/internal/telegram/validator.go:762.10,763.15 1 0
github.com/samouraiworld/gnomonitoring/backend/internal/telegram/validator.go:767.38,768.16 1 0
github.com/samouraiworld/gnomonitoring/backend/internal/telegram/validator.go:769.16,770.14 1 0
github.com/samouraiworld/gnomonitoring/backend/internal/telegram/validator.go:771.16,772.14 1 0
github.com/samouraiworld/gnomonitoring/backend/internal/telegram/validator.go:773.24,774.14 1 0
github.com/samouraiworld/gnomonitoring/backend/internal/telegram/validator.go:775.20,776.14 1 0
github.com/samouraiworld/gnomonitoring/backend/internal/telegram/validator.go:777.17,778.14 1 0
github.com/samouraiworld/gnomonitoring/backend/internal/telegram/validator.go:779.10,780.12 1 0
github.com/samouraiworld/gnomonitoring/backend/internal/telegram/validator.go:784.36,785.14 1 0
github.com/samouraiworld/gnomonitoring/backend/internal/telegram/validator.go:786.22,787.18 1 0
github.com/samouraiworld/gnomonitoring/backend/internal/telegram/validator.go:788.22,789.18 1 0
github.com/samouraiworld/gnomonitoring/backend/internal/telegram/validator.go:790.30,791.26 1 0
github.com/samouraiworld/gnomonitoring/backend/internal/telegram/validator.go:792.26,793.22 1 0
github.com/samouraiworld/gnomonitoring/backend/internal/telegram/validator.go:794.23,795.19 1 0
github.com/samouraiworld/gnomonitoring/backend/internal/telegram/validator.go:796.10,797.12 1 0
github.com/samouraiworld/gnomonitoring/backend/internal/telegram/validator.go:801.41,802.16 1 0
github.com/samouraiworld/gnomonitoring/backend/internal/telegram/validator.go:803.22,804.14 1 0
github.com/samouraiworld/gnomonitoring/backend/internal/telegram/validator.go:805.23,806.14 1 0
github.com/samouraiworld/gnomonitoring/backend/internal/telegram/validator.go:807.22,808.14 1 0
github.com/samouraiworld/gnomonitoring/backend/internal/telegram/validator.go:809.18,810.15 1 0
github.com/samouraiworld/gnomonitoring/backend/internal/telegram/validator.go:811.10,812.12 1 0
github.com/samouraiworld/gnomonitoring/backend/internal/telegram/validator.go:816.39,817.14 1 0
github.com/samouraiworld/gnomonitoring/backend/internal/telegram/validator.go:818.12,819.24 1 0
github.com/samouraiworld/gnomonitoring/backend/internal/telegram/validator.go:820.12,821.25 1 0
github.com/samouraiworld/gnomonitoring/backend/internal/telegram/validator.go:822.12,823.24 1 0
github.com/samouraiworld/gnomonitoring/backend/internal/telegram/validator.go:824.13,825.20 1 0
github.com/samouraiworld/gnomonitoring/backend/internal/telegram/validator.go:826.10,827.12 1 0
github.com/samouraiworld/gnomonitoring/backend/internal/telegram/validator.go:831.57,836.2 4 0
github.com/samouraiworld/gnomonitoring/backend/internal/telegram/validator.go:838.49,839.17 1 0
github.com/samouraiworld/gnomonitoring/backend/internal/telegram/validator.go:839.17,841.3 1 0
github.com/samouraiworld/gnomonitoring/backend/internal/telegram/validator.go:842.2,843.19 2 0
github.com/samouraiworld/gnomonitoring/backend/internal/telegram/validator.go:843.19,844.22 1 0
github.com/samouraiworld/gnomonitoring/backend/internal/telegram/validator.go:844.22,846.4 1 0
github.com/samouraiworld/gnomonitoring/backend/internal/telegram/validator.go:847.3,847.10 1 0
github.com/samouraiworld/gnomonitoring/backend/internal/telegram/validator.go:849.2,849.10 1 0
github.com/samouraiworld/gnomonitoring/backend/internal/telegram/validator.go:865.54,869.2 3 0
github.com/samouraiworld/gnomonitoring/backend/internal/telegram/validator.go:871.32,872.12 1 0
github.com/samouraiworld/gnomonitoring/backend/internal/telegram/validator.go:872.12,875.22 3 0
github.com/samouraiworld/gnomonitoring/backend/internal/telegram/validator.go:875.22,877.39 2 0
github.com/samouraiworld/gnomonitoring/backend/internal/telegram/validator.go:877.39,878.38 1 0
github.com/samouraiworld/gnomonitoring/backend/internal/telegram/validator.go:878.38,880.6 1 0
github.com/samouraiworld/gnomonitoring/backend/internal/telegram/validator.go:882.4,882.26 1 0
github.com/samouraiworld/gnomonitoring/backend/internal/telegram/validator.go:887.99,890.9 3 0
github.com/samouraiworld/gnomonitoring/backend/internal/telegram/validator.go:890.9,893.3 2 0
github.com/samouraiworld/gnomonitoring/backend/internal/telegram/validator.go:894.2,894.30 1 0
github.com/samouraiworld/gnomonitoring/backend/internal/telegram/validator.go:894.30,897.3 2 0
github.com/samouraiworld/gnomonitoring/backend/internal/telegram/validator.go:898.2,898.39 1 0
github.com/samouraiworld/gnomonitoring/backend/internal/telegram/validator.go:898.39,902.3 3 0
github.com/samouraiworld/gnomonitoring/backend/internal/telegram/validator.go:903.2,907.13 4 0
github.com/samouraiworld/gnomonitoring/backend/internal/telegram/validator.go:907.13,909.3 1 0
github.com/samouraiworld/gnomonitoring/backend/internal/telegram/validator.go:910.2,910.37 1 0
github.com/samouraiworld/gnomonitoring/backend/internal/telegram/validator.go:910.37,913.3 2 0
github.com/samouraiworld/gnomonitoring/backend/internal/telegram/validator.go:914.2,914.31 1 0
github.com/samouraiworld/gnomonitoring/backend/internal/telegram/validator.go:914.31,916.3 1 0
github.com/samouraiworld/gnomonitoring/backend/internal/telegram/validator.go:917.2,918.13 2 0
github.com/samouraiworld/gnomonitoring/backend/internal/telegram/validator.go:921.62,922.13 1 0
github.com/samouraiworld/gnomonitoring/backend/internal/telegram/validator.go:922.13,924.3 1 0
github.com/samouraiworld/gnomonitoring/backend/internal/telegram/validator.go:925.2,926.16 2 0
github.com/samouraiworld/gnomonitoring/backend/internal/telegram/validator.go:926.16,929.3 2 0
github.com/samouraiworld/gnomonitoring/backend/internal/telegram/validator.go:930.2,930.10 1 0
github.com/samouraiworld/gnomonitoring/backend/internal/telegram/validator.go:933.32,934.16 1 0
github.com/samouraiworld/gnomonitoring/backend/internal/telegram/validator.go:934.16,936.3 1 0
github.com/samouraiworld/gnomonitoring/backend/internal/telegram/validator.go:937.2,937.22 1 0
github.com/samouraiworld/gnomonitoring/backend/internal/telegram/validator.go:937.22,939.3 1 0
github.com/samouraiworld/gnomonitoring/backend/internal/telegram/validator.go:940.2,940.14 1 0
github.com/samouraiworld/gnomonitoring/backend/internal/telegram/validator.go:943.45,944.36 1 0
github.com/samouraiworld/gnomonitoring/backend/internal/telegram/validator.go:945.18,946.15 1 0
github.com/samouraiworld/gnomonitoring/backend/internal/telegram/validator.go:947.23,948.21 1 0
github.com/samouraiworld/gnomonitoring/backend/internal/telegram/validator.go:949.10,950.21 1 0
github.com/samouraiworld/gnomonitoring/backend/internal/telegram/validator.go:954.42,955.39 1 0
github.com/samouraiworld/gnomonitoring/backend/internal/telegram/validator.go:955.39,957.3 1 0
github.com/samouraiworld/gnomonitoring/backend/internal/telegram/validator.go:958.2,958.14 1 0
github.com/samouraiworld/gnomonitoring/backend/internal/telegram/validator.go:961.42,962.34 1 0
github.com/samouraiworld/gnomonitoring/backend/internal/telegram/validator.go:963.13,964.13 1 0
github.com/samouraiworld/gnomonitoring/backend/internal/telegram/validator.go:965.14,966.13 1 0
github.com/samouraiworld/gnomonitoring/backend/internal/telegram/validator.go:967.10,968.12 1 0
github.com/samouraiworld/gnomonitoring/backend/internal/telegram/validator.go:972.37,973.31 1 0
github.com/samouraiworld/gnomonitoring/backend/internal/telegram/validator.go:974.18,975.15 1 0
github.com/samouraiworld/gnomonitoring/backend/internal/telegram/validator.go:976.19,977.16 1 0
github.com/samouraiworld/gnomonitoring/backend/internal/telegram/validator.go:978.10,979.21 1 0
github.com/samouraiworld/gnomonitoring/backend/internal/telegram/validator.go:983.41,984.16 1 0
github.com/samouraiworld/gnomonitoring/backend/internal/telegram/validator.go:985.16,986.13 1 0
github.com/samouraiworld/gnomonitoring/backend/internal/telegram/validator.go:987.10,988.12 1 0
github.com/samouraiworld/gnomonitoring/backend/internal/telegram/validator.go:992.39,993.31 1 0
github.com/samouraiworld/gnomonitoring/backend/internal/telegram/validator.go:994.21,995.18 1 0
github.com/samouraiworld/gnomonitoring/backend/internal/telegram/validator.go:996.10,997.12 1 0
github.com/samouraiworld/gnomonitoring/backend/internal/telegram/validator.go:1001.56,1002.39 1 0
github.com/samouraiworld/gnomonitoring/backend/internal/telegram/validator.go:1002.39,1004.3 1 0
github.com/samouraiworld/gnomonitoring/backend/internal/telegram/validator.go:1005.2,1005.14 1 0
github.com/samouraiworld/gnomonitoring/backend/internal/telegram/validator.go:1008.77,1010.15 2 0
github.com/samouraiworld/gnomonitoring/backend/internal/telegram/validator.go:1010.15,1012.3 1 0
github.com/samouraiworld/gnomonitoring/backend/internal/telegram/validator.go:1013.2,1013.16 1 0
github.com/samouraiworld/gnomonitoring/backend/internal/telegram/validator.go:1013.16,1015.3 1 0
github.com/samouraiworld/gnomonitoring/backend/internal/telegram/validator.go:1016.2,1017.23 2 0
github.com/samouraiworld/gnomonitoring/backend/internal/telegram/validator.go:1017.23,1019.3 1 0
github.com/samouraiworld/gnomonitoring/backend/internal/telegram/validator.go:1020.2,1022.17 3 0
github.com/samouraiworld/gnomonitoring/backend/internal/telegram/validator.go:1022.17,1024.3 1 0
github.com/samouraiworld/gnomonitoring/backend/internal/telegram/validator.go:1025.2,1025.37 1 0
github.com/samouraiworld/gnomonitoring/backend/internal/telegram/validator.go:1028.48,1029.21 1 0
github.com/samouraiworld/gnomonitoring/backend/internal/telegram/validator.go:1029.21,1031.3 1 0
github.com/samouraiworld/gnomonitoring/backend/internal/telegram/validator.go:1032.2,1032.56 1 0
github.com/samouraiworld/gnomonitoring/backend/internal/telegram/validator.go:1035.43,1036.18 1 0
github.com/samouraiworld/gnomonitoring/backend/internal/telegram/validator.go:1036.18,1038.3 1 0
github.com/samouraiworld/gnomonitoring/backend/internal/telegram/validator.go:1039.2,1039.78 1 0
github.com/samouraiworld/gnomonitoring/backend/internal/telegram/validator.go:1042.55,1043.18 1 0
github.com/samouraiworld/gnomonitoring/backend/internal/telegram/validator.go:1043.18,1045.3 1 0
github.com/samouraiworld/gnomonitoring/backend/internal/telegram/validator.go:1046.2,1047.100 2 0
github.com/samouraiworld/gnomonitoring/backend/internal/telegram/validator.go:1050.108,1051.18 1 0
github.com/samouraiworld/gnomonitoring/backend/internal/telegram/validator.go:1051.18,1053.3 1 0
github.com/samouraiworld/gnomonitoring/backend/internal/telegram/validator.go:1054.2,1055.23 2 0
github.com/samouraiworld/gnomonitoring/backend/internal/telegram/validator.go:1055.23,1056.47 1 0
github.com/samouraiworld/gnomonitoring/backend/internal/telegram/validator.go:1056.47,1058.4 1 0
github.com/samouraiworld/gnomonitoring/backend/internal/telegram/validator.go:1060.2,1060.12 1 0
github.com/samouraiworld/gnomonitoring/backend/internal/telegram/validator.go:1063.95,1064.18 1 0
github.com/samouraiworld/gnomonitoring/backend/internal/telegram/validator.go:1064.18,1066.3 1 0
github.com/samouraiworld/gnomonitoring/backend/internal/telegram/validator.go:1067.2,1068.23 2 0
github.com/samouraiworld/gnomonitoring/backend/internal/telegram/validator.go:1068.23,1069.47 1 0
github.com/samouraiworld/gnomonitoring/backend/internal/telegram/validator.go:1069.47,1071.4 1 0
github.com/samouraiworld/gnomonitoring/backend/internal/telegram/validator.go:1073.2,1073.12 1 0
github.com/samouraiworld/gnomonitoring/backend/internal/telegram/validator.go:1076.116,1077.18 1 0
github.com/samouraiworld/gnomonitoring/backend/internal/telegram/validator.go:1077.18,1079.3 1 0
github.com/samouraiworld/gnomonitoring/backend/internal/telegram/validator.go:1080.2,1081.23 2 0
github.com/samouraiworld/gnomonitoring/backend/internal/telegram/validator.go:1081.23,1082.47 1 0
github.com/samouraiworld/gnomonitoring/backend/internal/telegram/validator.go:1082.47,1084.4 1 0
github.com/samouraiworld/gnomonitoring/backend/internal/telegram/validator.go:1086.2,1086.12 1 0
github.com/samouraiworld/gnomonitoring/backend/internal/telegram/validator.go:1089.97,1090.18 1 0
github.com/samouraiworld/gnomonitoring/backend/internal/telegram/validator.go:1090.18,1092.3 1 0
github.com/samouraiworld/gnomonitoring/backend/internal/telegram/validator.go:1093.2,1094.23 2 0
github.com/samouraiworld/gnomonitoring/backend/internal/telegram/validator.go:1094.23,1095.47 1 0
github.com/samouraiworld/gnomonitoring/backend/internal/telegram/validator.go:1095.47,1097.4 1 0
github.com/samouraiworld/gnomonitoring/backend/internal/telegram/validator.go:1099.2,1099.12 1 0
github.com/samouraiworld/gnomonitoring/backend/internal/telegram/validator.go:1102.101,1103.18 1 0
github.com/samouraiworld/gnomonitoring/backend/internal/telegram/validator.go:1103.18,1105.3 1 0
github.com/samouraiworld/gnomonitoring/backend/internal/telegram/validator.go:1106.2,1107.23 2 0
github.com/samouraiworld/gnomonitoring/backend/internal/telegram/validator.go:1107.23,1108.47 1 0
github.com/samouraiworld/gnomonitoring/backend/internal/telegram/validator.go:1108.47,1110.4 1 0
github.com/samouraiworld/gnomonitoring/backend/internal/telegram/validator.go:1112.2,1112.12 1 0
github.com/samouraiworld/gnomonitoring/backend/internal/telegram/validator.go:1115.26,1183.2 51 0
github.com/samouraiworld/gnomonitoring/backend/internal/testoutils/db.go:15.39,25.19 5 0
github.com/samouraiworld/gnomonitoring/backend/internal/testoutils/db.go:25.19,27.3 1 0
github.com/samouraiworld/gnomonitoring/backend/internal/testoutils/db.go:30.2,34.11 4 0
github.com/samouraiworld/gnomonitoring/backend/internal/testoutils/db.go:36.42,45.47 3 0
github.com/samouraiworld/gnomonitoring/backend/internal/testoutils/db.go:45.47,47.3 1 0
github.com/samouraiworld/gnomonitoring/backend/internal/testoutils/db.go:50.44,53.16 3 0
github.com/samouraiworld/gnomonitoring/backend/internal/testoutils/db.go:53.16,54.13 1 0
github.com/samouraiworld/gnomonitoring/backend/internal/testoutils/db.go:56.2,56.10 1 0
github.com/samouraiworld/gnomonitoring/backend/internal/gnovalidator/Prometheus.go:56.13,60.2 3 0
github.com/samouraiworld/gnomonitoring/backend/internal/gnovalidator/Prometheus.go:62.38,68.12 3 0
github.com/samouraiworld/gnomonitoring/backend/internal/gnovalidator/Prometheus.go:68.12,70.17 2 0
github.com/samouraiworld/gnomonitoring/backend/internal/gnovalidator/Prometheus.go:70.17,72.4 1 0
github.com/samouraiworld/gnomonitoring/backend/internal/gnovalidator/Prometheus.go:76.55,79.16 2 0
github.com/samouraiworld/gnomonitoring/backend/internal/gnovalidator/Prometheus.go:79.16,81.3 1 0
github.com/samouraiworld/gnomonitoring/backend/internal/gnovalidator/Prometheus.go:83.2,83.29 1 0
github.com/samouraiworld/gnomonitoring/backend/internal/gnovalidator/Prometheus.go:83.29,85.3 1 0
github.com/samouraiworld/gnomonitoring/backend/internal/gnovalidator/Prometheus.go:87.2,88.16 2 0
github.com/samouraiworld/gnomonitoring/backend/internal/gnovalidator/Prometheus.go:88.16,90.3 1 0
github.com/samouraiworld/gnomonitoring/backend/internal/gnovalidator/Prometheus.go:91.2,91.35 1 0
github.com/samouraiworld/gnomonitoring/backend/internal/gnovalidator/Prometheus.go:91.35,93.3 1 0
github.com/samouraiworld/gnomonitoring/backend/internal/gnovalidator/Prometheus.go:96.2,97.16 2 0
github.com/samouraiworld/gnomonitoring/backend/internal/gnovalidator/Prometheus.go:97.16,99.3 1 0
github.com/samouraiworld/gnomonitoring/backend/internal/gnovalidator/Prometheus.go:100.2,100.40 1 0
github.com/samouraiworld/gnomonitoring/backend/internal/gnovalidator/Prometheus.go:100.40,102.3 1 0
github.com/samouraiworld/gnomonitoring/backend/internal/gnovalidator/Prometheus.go:103.2,103.12 1 0
github.com/samouraiworld/gnomonitoring/backend/internal/gnovalidator/Prometheus.go:106.39,107.12 1 0
github.com/samouraiworld/gnomonitoring/backend/internal/gnovalidator/Prometheus.go:107.12,108.7 1 0
github.com/samouraiworld/gnomonitoring/backend/internal/gnovalidator/Prometheus.go:108.7,110.18 2 0
github.com/samouraiworld/gnomonitoring/backend/internal/gnovalidator/Prometheus.go:110.18,112.5 1 0
github.com/samouraiworld/gnomonitoring/backend/internal/gnovalidator/Prometheus.go:113.4,113.31 1 0
github.com/samouraiworld/gnomonitoring/backend/internal/gnovalidator/gnovalidator_realtime.go:31.13,33.2 1 1
github.com/samouraiworld/gnomonitoring/backend/internal/gnovalidator/gnovalidator_realtime.go:48.65,51.12 1 0
github.com/samouraiworld/gnomonitoring/backend/internal/gnovalidator/gnovalidator_realtime.go:51.12,52.16 1 0
github.com/samouraiworld/gnomonitoring/backend/internal/gnovalidator/gnovalidator_realtime.go:52.16,53.32 1 0
github.com/samouraiworld/gnomonitoring/backend/internal/gnovalidator/gnovalidator_realtime.go:53.32,55.5 1 0
github.com/samouraiworld/gnomonitoring/backend/internal/gnovalidator/gnovalidator_realtime.go:58.3,60.22 2 0
github.com/samouraiworld/gnomonitoring/backend/internal/gnovalidator/gnovalidator_realtime.go:60.22,64.18 3 0
github.com/samouraiworld/gnomonitoring/backend/internal/gnovalidator/gnovalidator_realtime.go:64.18,67.5 2 0
github.com/samouraiworld/gnomonitoring/backend/internal/gnovalidator/gnovalidator_realtime.go:70.3,71.7 2 0
github.com/samouraiworld/gnomonitoring/backend/internal/gnovalidator/gnovalidator_realtime.go:71.7,74.18 2 0
github.com/samouraiworld/gnomonitoring/backend/internal/gnovalidator/gnovalidator_realtime.go:74.18,80.36 5 0
github.com/samouraiworld/gnomonitoring/backend/internal/gnovalidator/gnovalidator_realtime.go:80.36,87.6 6 0
github.com/samouraiworld/gnomonitoring/backend/internal/gnovalidator/gnovalidator_realtime.go:88.5,89.13 2 0
github.com/samouraiworld/gnomonitoring/backend/internal/gnovalidator/gnovalidator_realtime.go:92.4,96.34 5 0
github.com/samouraiworld/gnomonitoring/backend/internal/gnovalidator/gnovalidator_realtime.go:96.34,97.61 1 0
github.com/samouraiworld/gnomonitoring/backend/internal/gnovalidator/gnovalidator_realtime.go:97.61,100.20 2 0
github.com/samouraiworld/gnomonitoring/backend/internal/gnovalidator/gnovalidator_realtime.go:100.20,103.7 2 0
github.com/samouraiworld/gnomonitoring/backend/internal/gnovalidator/gnovalidator_realtime.go:104.6,116.20 5 0
github.com/samouraiworld/gnomonitoring/backend/internal/gnovalidator/gnovalidator_realtime.go:116.20,119.7 2 0
github.com/samouraiworld/gnomonitoring/backend/internal/gnovalidator/gnovalidator_realtime.go:120.6,120.26 1 0
github.com/samouraiworld/gnomonitoring/backend/internal/gnovalidator/gnovalidator_realtime.go:120.26,124.7 2 0
github.com/samouraiworld/gnomonitoring/backend/internal/gnovalidator/gnovalidator_realtime.go:126.6,130.21 5 0
github.com/samouraiworld/gnomonitoring/backend/internal/gnovalidator/gnovalidator_realtime.go:132.10,138.53 5 0
github.com/samouraiworld/gnomonitoring/backend/internal/gnovalidator/gnovalidator_realtime.go:138.53,144.6 5 0
github.com/samouraiworld/gnomonitoring/backend/internal/gnovalidator/gnovalidator_realtime.go:147.4,151.31 4 0
github.com/samouraiworld/gnomonitoring/backend/internal/gnovalidator/gnovalidator_realtime.go:151.31,153.13 2 0
github.com/samouraiworld/gnomonitoring/backend/internal/gnovalidator/gnovalidator_realtime.go:156.4,156.34 1 0
github.com/samouraiworld/gnomonitoring/backend/internal/gnovalidator/gnovalidator_realtime.go:156.34,160.29 2 0
github.com/samouraiworld/gnomonitoring/backend/internal/gnovalidator/gnovalidator_realtime.go:160.29,162.6 1 0
github.com/samouraiworld/gnomonitoring/backend/internal/gnovalidator/gnovalidator_realtime.go:163.5,164.89 2 0
github.com/samouraiworld/gnomonitoring/backend/internal/gnovalidator/gnovalidator_realtime.go:164.89,167.6 1 0
github.com/samouraiworld/gnomonitoring/backend/internal/gnovalidator/gnovalidator_realtime.go:167.11,171.6 2 0
github.com/samouraiworld/gnomonitoring/backend/internal/gnovalidator/gnovalidator_realtime.go:173.5,173.13 1 0
github.com/samouraiworld/gnomonitoring/backend/internal/gnovalidator/gnovalidator_realtime.go:177.4,177.45 1 0
github.com/samouraiworld/gnomonitoring/backend/internal/gnovalidator/gnovalidator_realtime.go:177.45,179.90 2 0
github.com/samouraiworld/gnomonitoring/backend/internal/gnovalidator/gnovalidator_realtime.go:179.90,181.14 2 0
github.com/samouraiworld/gnomonitoring/backend/internal/gnovalidator/gnovalidator_realtime.go:187.5,188.38 2 0
github.com/samouraiworld/gnomonitoring/backend/internal/gnovalidator/gnovalidator_realtime.go:188.38,191.6 1 0
github.com/samouraiworld/gnomonitoring/backend/internal/gnovalidator/gnovalidator_realtime.go:194.5,199.65 3 0
github.com/samouraiworld/gnomonitoring/backend/internal/gnovalidator/gnovalidator_realtime.go:199.65,200.26 1 0
github.com/samouraiworld/gnomonitoring/backend/internal/gnovalidator/gnovalidator_realtime.go:200.26,203.60 2 0
github.com/samouraiworld/gnomonitoring/backend/internal/gnovalidator/gnovalidator_realtime.go:203.60,205.8 1 0
github.com/samouraiworld/gnomonitoring/backend/internal/gnovalidator/gnovalidator_realtime.go:205.13,207.8 1 0
[...]
github.com/samouraiworld/gnomonitoring/backend/internal/api/api.go:427.2,434.16 3 0
github.com/samouraiworld/gnomonitoring/backend/internal/api/api.go:434.16,437.3 2 0
github.com/samouraiworld/gnomonitoring/backend/internal/api/api.go:439.2,440.16 2 0
github.com/samouraiworld/gnomonitoring/backend/internal/api/api.go:440.16,443.3 2 0
github.com/samouraiworld/gnomonitoring/backend/internal/api/api.go:445.2,446.16 2 0
github.com/samouraiworld/gnomonitoring/backend/internal/api/api.go:446.16,449.3 2 0
github.com/samouraiworld/gnomonitoring/backend/internal/api/api.go:450.2,451.30 2 0
github.com/samouraiworld/gnomonitoring/backend/internal/api/api.go:453.80,455.32 2 1
github.com/samouraiworld/gnomonitoring/backend/internal/api/api.go:455.32,458.3 2 0
github.com/samouraiworld/gnomonitoring/backend/internal/api/api.go:460.2,461.16 2 1
github.com/samouraiworld/gnomonitoring/backend/internal/api/api.go:461.16,464.3 2 0
github.com/samouraiworld/gnomonitoring/backend/internal/api/api.go:465.2,466.16 2 1
github.com/samouraiworld/gnomonitoring/backend/internal/api/api.go:466.16,469.3 2 0
github.com/samouraiworld/gnomonitoring/backend/internal/api/api.go:470.2,470.31 1 1
github.com/samouraiworld/gnomonitoring/backend/internal/api/api.go:475.85,477.33 2 0
github.com/samouraiworld/gnomonitoring/backend/internal/api/api.go:477.33,480.3 2 0
github.com/samouraiworld/gnomonitoring/backend/internal/api/api.go:482.2,490.63 2 0
github.com/samouraiworld/gnomonitoring/backend/internal/api/api.go:490.63,493.3 2 0
github.com/samouraiworld/gnomonitoring/backend/internal/api/api.go:495.2,496.16 2 0
github.com/samouraiworld/gnomonitoring/backend/internal/api/api.go:496.16,499.3 2 0
github.com/samouraiworld/gnomonitoring/backend/internal/api/api.go:500.2,501.74 2 0
github.com/samouraiworld/gnomonitoring/backend/internal/api/api.go:501.74,504.3 2 0
github.com/samouraiworld/gnomonitoring/backend/internal/api/api.go:507.2,507.37 1 0
github.com/samouraiworld/gnomonitoring/backend/internal/api/api.go:507.37,508.25 1 0
github.com/samouraiworld/gnomonitoring/backend/internal/api/api.go:508.25,511.4 2 0
github.com/samouraiworld/gnomonitoring/backend/internal/api/api.go:515.2,515.26 1 0
github.com/samouraiworld/gnomonitoring/backend/internal/api/api.go:515.26,520.17 3 0
github.com/samouraiworld/gnomonitoring/backend/internal/api/api.go:520.17,523.4 2 0
github.com/samouraiworld/gnomonitoring/backend/internal/api/api.go:526.2,527.16 2 0
github.com/samouraiworld/gnomonitoring/backend/internal/api/api.go:527.16,530.3 2 0
github.com/samouraiworld/gnomonitoring/backend/internal/api/api.go:532.2,533.67 2 0
github.com/samouraiworld/gnomonitoring/backend/internal/api/api.go:536.83,538.32 2 0
github.com/samouraiworld/gnomonitoring/backend/internal/api/api.go:538.32,541.3 2 0
github.com/samouraiworld/gnomonitoring/backend/internal/api/api.go:543.2,544.16 2 0
github.com/samouraiworld/gnomonitoring/backend/internal/api/api.go:544.16,547.3 2 0
github.com/samouraiworld/gnomonitoring/backend/internal/api/api.go:549.2,550.16 2 0
github.com/samouraiworld/gnomonitoring/backend/internal/api/api.go:550.16,553.3 2 0
github.com/samouraiworld/gnomonitoring/backend/internal/api/api.go:555.2,555.37 1 0
github.com/samouraiworld/gnomonitoring/backend/internal/api/api.go:557.85,560.32 2 0
github.com/samouraiworld/gnomonitoring/backend/internal/api/api.go:560.32,563.3 2 0
github.com/samouraiworld/gnomonitoring/backend/internal/api/api.go:565.2,573.62 2 0
github.com/samouraiworld/gnomonitoring/backend/internal/api/api.go:573.62,576.3 2 0
github.com/samouraiworld/gnomonitoring/backend/internal/api/api.go:577.2,578.16 2 0
github.com/samouraiworld/gnomonitoring/backend/internal/api/api.go:578.16,581.3 2 0
github.com/samouraiworld/gnomonitoring/backend/internal/api/api.go:584.2,584.36 1 0
github.com/samouraiworld/gnomonitoring/backend/internal/api/api.go:584.36,585.25 1 0
github.com/samouraiworld/gnomonitoring/backend/internal/api/api.go:585.25,588.4 2 0
github.com/samouraiworld/gnomonitoring/backend/internal/api/api.go:591.2,592.16 2 0
github.com/samouraiworld/gnomonitoring/backend/internal/api/api.go:592.16,595.3 2 0
github.com/samouraiworld/gnomonitoring/backend/internal/api/api.go:597.2,598.42 2 0
github.com/samouraiworld/gnomonitoring/backend/internal/api/api.go:600.85,602.35 2 0
github.com/samouraiworld/gnomonitoring/backend/internal/api/api.go:602.35,605.3 2 0
github.com/samouraiworld/gnomonitoring/backend/internal/api/api.go:607.2,608.16 2 0
github.com/samouraiworld/gnomonitoring/backend/internal/api/api.go:608.16,611.3 2 0
github.com/samouraiworld/gnomonitoring/backend/internal/api/api.go:613.2,614.17 2 0
github.com/samouraiworld/gnomonitoring/backend/internal/api/api.go:614.17,617.3 2 0
github.com/samouraiworld/gnomonitoring/backend/internal/api/api.go:619.2,620.16 2 0
github.com/samouraiworld/gnomonitoring/backend/internal/api/api.go:620.16,623.3 2 0
github.com/samouraiworld/gnomonitoring/backend/internal/api/api.go:625.2,626.16 2 0
github.com/samouraiworld/gnomonitoring/backend/internal/api/api.go:626.16,629.3 2 0
github.com/samouraiworld/gnomonitoring/backend/internal/api/api.go:631.2,632.42 2 0
github.com/samouraiworld/gnomonitoring/backend/internal/api/api.go:636.74,638.32 2 1
github.com/samouraiworld/gnomonitoring/backend/internal/api/api.go:638.32,642.3 2 0
github.com/samouraiworld/gnomonitoring/backend/internal/api/api.go:643.2,644.16 2 1
github.com/samouraiworld/gnomonitoring/backend/internal/api/api.go:644.16,647.3 2 0
github.com/samouraiworld/gnomonitoring/backend/internal/api/api.go:648.2,648.72 1 1
github.com/samouraiworld/gnomonitoring/backend/internal/api/api.go:652.75,654.32 2 1
github.com/samouraiworld/gnomonitoring/backend/internal/api/api.go:654.32,657.3 2 0
github.com/samouraiworld/gnomonitoring/backend/internal/api/api.go:658.2,659.18 2 1
github.com/samouraiworld/gnomonitoring/backend/internal/api/api.go:659.18,662.3 2 0
github.com/samouraiworld/gnomonitoring/backend/internal/api/api.go:664.2,665.16 2 1
github.com/samouraiworld/gnomonitoring/backend/internal/api/api.go:665.16,668.3 2 0
github.com/samouraiworld/gnomonitoring/backend/internal/api/api.go:669.2,669.37 1 1
github.com/samouraiworld/gnomonitoring/backend/internal/api/api.go:673.75,676.32 2 0
github.com/samouraiworld/gnomonitoring/backend/internal/api/api.go:676.32,679.3 2 0
github.com/samouraiworld/gnomonitoring/backend/internal/api/api.go:680.2,681.18 2 0
github.com/samouraiworld/gnomonitoring/backend/internal/api/api.go:681.18,684.3 2 0
github.com/samouraiworld/gnomonitoring/backend/internal/api/api.go:686.2,687.16 2 0
github.com/samouraiworld/gnomonitoring/backend/internal/api/api.go:687.16,690.3 2 0
github.com/samouraiworld/gnomonitoring/backend/internal/api/api.go:692.2,692.33 1 0
github.com/samouraiworld/gnomonitoring/backend/internal/api/api.go:696.69,699.36 2 0
github.com/samouraiworld/gnomonitoring/backend/internal/api/api.go:699.36,702.3 2 0
github.com/samouraiworld/gnomonitoring/backend/internal/api/api.go:703.2,703.32 1 0
github.com/samouraiworld/gnomonitoring/backend/internal/api/api.go:703.32,707.3 2 0
github.com/samouraiworld/gnomonitoring/backend/internal/api/api.go:708.2,709.16 2 0
github.com/samouraiworld/gnomonitoring/backend/internal/api/api.go:709.16,712.3 2 0
github.com/samouraiworld/gnomonitoring/backend/internal/api/api.go:713.2,713.35 1 0
github.com/samouraiworld/gnomonitoring/backend/internal/api/api.go:718.76,721.36 2 0
github.com/samouraiworld/gnomonitoring/backend/internal/api/api.go:721.36,724.3 2 0
github.com/samouraiworld/gnomonitoring/backend/internal/api/api.go:725.2,725.32 1 0
github.com/samouraiworld/gnomonitoring/backend/internal/api/api.go:725.32,729.3 2 0
github.com/samouraiworld/gnomonitoring/backend/internal/api/api.go:730.2,731.16 2 0
github.com/samouraiworld/gnomonitoring/backend/internal/api/api.go:731.16,734.3 2 0
github.com/samouraiworld/gnomonitoring/backend/internal/api/api.go:735.2,735.35 1 0
github.com/samouraiworld/gnomonitoring/backend/internal/api/api.go:740.72,743.36 2 0
github.com/samouraiworld/gnomonitoring/backend/internal/api/api.go:743.36,746.3 2 0
github.com/samouraiworld/gnomonitoring/backend/internal/api/api.go:747.2,747.32 1 0
github.com/samouraiworld/gnomonitoring/backend/internal/api/api.go:747.32,750.3 2 0
github.com/samouraiworld/gnomonitoring/backend/internal/api/api.go:751.2,752.16 2 0
github.com/samouraiworld/gnomonitoring/backend/internal/api/api.go:752.16,755.3 2 0
github.com/samouraiworld/gnomonitoring/backend/internal/api/api.go:756.2,756.38 1 0
github.com/samouraiworld/gnomonitoring/backend/internal/api/api.go:760.72,763.36 2 0
github.com/samouraiworld/gnomonitoring/backend/internal/api/api.go:763.36,766.3 2 0
github.com/samouraiworld/gnomonitoring/backend/internal/api/api.go:767.2,768.18 2 0
github.com/samouraiworld/gnomonitoring/backend/internal/api/api.go:768.18,771.3 2 0
github.com/samouraiworld/gnomonitoring/backend/internal/api/api.go:772.2,772.32 1 0
github.com/samouraiworld/gnomonitoring/backend/internal/api/api.go:772.32,776.3 2 0
github.com/samouraiworld/gnomonitoring/backend/internal/api/api.go:777.2,778.16 2 0
github.com/samouraiworld/gnomonitoring/backend/internal/api/api.go:778.16,781.3 2 0
github.com/samouraiworld/gnomonitoring/backend/internal/api/api.go:782.2,782.38 1 0
github.com/samouraiworld/gnomonitoring/backend/internal/api/api.go:788.75,791.36 2 0
github.com/samouraiworld/gnomonitoring/backend/internal/api/api.go:791.36,794.3 2 0
github.com/samouraiworld/gnomonitoring/backend/internal/api/api.go:795.2,796.18 2 0
github.com/samouraiworld/gnomonitoring/backend/internal/api/api.go:796.18,799.3 2 0
github.com/samouraiworld/gnomonitoring/backend/internal/api/api.go:800.2,800.32 1 0
github.com/samouraiworld/gnomonitoring/backend/internal/api/api.go:800.32,804.3 2 0
github.com/samouraiworld/gnomonitoring/backend/internal/api/api.go:805.2,806.16 2 0
github.com/samouraiworld/gnomonitoring/backend/internal/api/api.go:806.16,809.3 2 0
github.com/samouraiworld/gnomonitoring/backend/internal/api/api.go:810.2,810.38 1 0
github.com/samouraiworld/gnomonitoring/backend/internal/api/api.go:816.67,818.36 2 0
github.com/samouraiworld/gnomonitoring/backend/internal/api/api.go:818.36,821.3 2 0
github.com/samouraiworld/gnomonitoring/backend/internal/api/api.go:822.2,822.32 1 0
github.com/samouraiworld/gnomonitoring/backend/internal/api/api.go:822.32,825.3 2 0
github.com/samouraiworld/gnomonitoring/backend/internal/api/api.go:826.2,834.33 3 0
github.com/samouraiworld/gnomonitoring/backend/internal/api/api.go:838.81,840.32 2 0
github.com/samouraiworld/gnomonitoring/backend/internal/api/api.go:840.32,843.3 2 0
github.com/samouraiworld/gnomonitoring/backend/internal/api/api.go:844.2,845.16 2 0
github.com/samouraiworld/gnomonitoring/backend/internal/api/api.go:845.16,848.3 2 0
github.com/samouraiworld/gnomonitoring/backend/internal/api/api.go:849.2,850.16 2 0
github.com/samouraiworld/gnomonitoring/backend/internal/api/api.go:850.16,853.3 2 0
github.com/samouraiworld/gnomonitoring/backend/internal/api/api.go:854.2,854.19 1 0
github.com/samouraiworld/gnomonitoring/backend/internal/api/api.go:854.19,857.3 2 0
github.com/samouraiworld/gnomonitoring/backend/internal/api/api.go:858.2,858.80 1 0
github.com/samouraiworld/gnomonitoring/backend/internal/api/api.go:862.60,864.31 2 4
github.com/samouraiworld/gnomonitoring/backend/internal/api/api.go:864.31,866.3 1 4
github.com/samouraiworld/gnomonitoring/backend/internal/api/api.go:871.2,872.46 2 4
github.com/samouraiworld/gnomonitoring/backend/internal/api/api.go:872.46,874.3 1 0
github.com/samouraiworld/gnomonitoring/backend/internal/api/api.go:874.8,875.53 1 4
github.com/samouraiworld/gnomonitoring/backend/internal/api/api.go:875.53,876.20 1 0
github.com/samouraiworld/gnomonitoring/backend/internal/api/api.go:876.20,878.10 2 0
github.com/samouraiworld/gnomonitoring/backend/internal/api/api.go:883.2,883.25 1 4
github.com/samouraiworld/gnomonitoring/backend/internal/api/api.go:883.25,885.3 1 0
github.com/samouraiworld/gnomonitoring/backend/internal/api/api.go:886.2,887.83 2 4
github.com/samouraiworld/gnomonitoring/backend/internal/api/api.go:891.35,896.88 3 0
github.com/samouraiworld/gnomonitoring/backend/internal/api/api.go:896.88,897.19 1 0
github.com/samouraiworld/gnomonitoring/backend/internal/api/api.go:898.23,899.33 1 0
github.com/samouraiworld/gnomonitoring/backend/internal/api/api.go:900.24,901.34 1 0
github.com/samouraiworld/gnomonitoring/backend/internal/api/api.go:902.23,903.34 1 0
github.com/samouraiworld/gnomonitoring/backend/internal/api/api.go:904.26,905.34 1 0
github.com/samouraiworld/gnomonitoring/backend/internal/api/api.go:906.27,908.32 2 0
github.com/samouraiworld/gnomonitoring/backend/internal/api/api.go:909.11,910.68 1 0
github.com/samouraiworld/gnomonitoring/backend/internal/api/api.go:914.2,914.91 1 0
github.com/samouraiworld/gnomonitoring/backend/internal/api/api.go:914.91,915.19 1 0
github.com/samouraiworld/gnomonitoring/backend/internal/api/api.go:916.23,917.43 1 0
github.com/samouraiworld/gnomonitoring/backend/internal/api/api.go:918.24,919.44 1 0
github.com/samouraiworld/gnomonitoring/backend/internal/api/api.go:920.23,921.44 1 0
github.com/samouraiworld/gnomonitoring/backend/internal/api/api.go:922.26,923.44 1 0
github.com/samouraiworld/gnomonitoring/backend/internal/api/api.go:924.27,926.32 2 0
github.com/samouraiworld/gnomonitoring/backend/internal/api/api.go:927.11,928.68 1 0
github.com/samouraiworld/gnomonitoring/backend/internal/api/api.go:932.2,932.79 1 0
github.com/samouraiworld/gnomonitoring/backend/internal/api/api.go:932.79,933.19 1 0
github.com/samouraiworld/gnomonitoring/backend/internal/api/api.go:934.23,935.28 1 0
github.com/samouraiworld/gnomonitoring/backend/internal/api/api.go:936.26,937.31 1 0
github.com/samouraiworld/gnomonitoring/backend/internal/api/api.go:938.23,939.31 1 0
github.com/samouraiworld/gnomonitoring/backend/internal/api/api.go:940.24,941.31 1 0
github.com/samouraiworld/gnomonitoring/backend/internal/api/api.go:942.27,944.32 2 0
github.com/samouraiworld/gnomonitoring/backend/internal/api/api.go:945.11,946.68 1 0
github.com/samouraiworld/gnomonitoring/backend/internal/api/api.go:950.2,950.88 1 0
github.com/samouraiworld/gnomonitoring/backend/internal/api/api.go:950.88,951.19 1 0
github.com/samouraiworld/gnomonitoring/backend/internal/api/api.go:952.24,953.39 1 0
github.com/samouraiworld/gnomonitoring/backend/internal/api/api.go:954.23,955.37 1 0
github.com/samouraiworld/gnomonitoring/backend/internal/api/api.go:956.23,957.39 1 0
github.com/samouraiworld/gnomonitoring/backend/internal/api/api.go:958.26,959.39 1 0
github.com/samouraiworld/gnomonitoring/backend/internal/api/api.go:960.11,961.68 1 0
github.com/samouraiworld/gnomonitoring/backend/internal/api/api.go:965.2,965.81 1 0
github.com/samouraiworld/gnomonitoring/backend/internal/api/api.go:965.81,966.19 1 0
github.com/samouraiworld/gnomonitoring/backend/internal/api/api.go:967.23,968.37 1 0
github.com/samouraiworld/gnomonitoring/backend/internal/api/api.go:969.23,970.34 1 0
github.com/samouraiworld/gnomonitoring/backend/internal/api/api.go:971.27,973.32 2 0
github.com/samouraiworld/gnomonitoring/backend/internal/api/api.go:974.11,975.68 1 0
github.com/samouraiworld/gnomonitoring/backend/internal/api/api.go:979.2,979.29 1 0
github.com/samouraiworld/gnomonitoring/backend/internal/api/api.go:979.29,986.3 5 0
github.com/samouraiworld/gnomonitoring/backend/internal/api/api.go:986.8,994.3 6 0
github.com/samouraiworld/gnomonitoring/backend/internal/api/api.go:997.2,997.79 1 0
github.com/samouraiworld/gnomonitoring/backend/internal/api/api.go:997.79,998.19 1 0
github.com/samouraiworld/gnomonitoring/backend/internal/api/api.go:1000.23,1001.28 1 0
github.com/samouraiworld/gnomonitoring/backend/internal/api/api.go:1002.27,1004.32 2 0
github.com/samouraiworld/gnomonitoring/backend/internal/api/api.go:1005.11,1006.68 1 0
github.com/samouraiworld/gnomonitoring/backend/internal/api/api.go:1011.2,1011.83 1 0
github.com/samouraiworld/gnomonitoring/backend/internal/api/api.go:1011.83,1012.19 1 0
github.com/samouraiworld/gnomonitoring/backend/internal/api/api.go:1014.23,1015.29 1 0
github.com/samouraiworld/gnomonitoring/backend/internal/api/api.go:1016.27,1018.32 2 0
github.com/samouraiworld/gnomonitoring/backend/internal/api/api.go:1019.11,1020.68 1 0
github.com/samouraiworld/gnomonitoring/backend/internal/api/api.go:1025.2,1025.80 1 0
github.com/samouraiworld/gnomonitoring/backend/internal/api/api.go:1025.80,1026.19 1 0
github.com/samouraiworld/gnomonitoring/backend/internal/api/api.go:1028.23,1029.29 1 0
github.com/samouraiworld/gnomonitoring/backend/internal/api/api.go:1030.27,1032.32 2 0
github.com/samouraiworld/gnomonitoring/backend/internal/api/api.go:1033.11,1034.68 1 0
github.com/samouraiworld/gnomonitoring/backend/internal/api/api.go:1039.2,1039.73 1 0
github.com/samouraiworld/gnomonitoring/backend/internal/api/api.go:1039.73,1040.19 1 0
github.com/samouraiworld/gnomonitoring/backend/internal/api/api.go:1042.23,1043.23 1 0
github.com/samouraiworld/gnomonitoring/backend/internal/api/api.go:1044.27,1046.32 2 0
github.com/samouraiworld/gnomonitoring/backend/internal/api/api.go:1047.11,1048.68 1 0
github.com/samouraiworld/gnomonitoring/backend/internal/api/api.go:1053.2,1053.81 1 0
github.com/samouraiworld/gnomonitoring/backend/internal/api/api.go:1053.81,1054.19 1 0
github.com/samouraiworld/gnomonitoring/backend/internal/api/api.go:1056.23,1057.30 1 0
github.com/samouraiworld/gnomonitoring/backend/internal/api/api.go:1058.27,1060.32 2 0
github.com/samouraiworld/gnomonitoring/backend/internal/api/api.go:1061.11,1062.68 1 0
github.com/samouraiworld/gnomonitoring/backend/internal/api/api.go:1068.2,1068.77 1 0
github.com/samouraiworld/gnomonitoring/backend/internal/api/api.go:1068.77,1069.19 1 0
github.com/samouraiworld/gnomonitoring/backend/internal/api/api.go:1071.23,1072.26 1 0
github.com/samouraiworld/gnomonitoring/backend/internal/api/api.go:1073.27,1075.32 2 0
github.com/samouraiworld/gnomonitoring/backend/internal/api/api.go:1076.11,1077.68 1 0
github.com/samouraiworld/gnomonitoring/backend/internal/api/api.go:1083.2,1083.77 1 0
github.com/samouraiworld/gnomonitoring/backend/internal/api/api.go:1083.77,1084.19 1 0
github.com/samouraiworld/gnomonitoring/backend/internal/api/api.go:1086.23,1087.26 1 0
github.com/samouraiworld/gnomonitoring/backend/internal/api/api.go:1088.27,1090.32 2 0
github.com/samouraiworld/gnomonitoring/backend/internal/api/api.go:1091.11,1092.68 1 0
github.com/samouraiworld/gnomonitoring/backend/internal/api/api.go:1097.2,1097.80 1 0
github.com/samouraiworld/gnomonitoring/backend/internal/api/api.go:1097.80,1098.19 1 0
github.com/samouraiworld/gnomonitoring/backend/internal/api/api.go:1100.23,1101.29 1 0
github.com/samouraiworld/gnomonitoring/backend/internal/api/api.go:1102.27,1104.32 2 0
github.com/samouraiworld/gnomonitoring/backend/internal/api/api.go:1105.11,1106.68 1 0
github.com/samouraiworld/gnomonitoring/backend/internal/api/api.go:1112.2,1112.71 1 0
github.com/samouraiworld/gnomonitoring/backend/internal/api/api.go:1112.71,1113.19 1 0
github.com/samouraiworld/gnomonitoring/backend/internal/api/api.go:1115.23,1116.21 1 0
github.com/samouraiworld/gnomonitoring/backend/internal/api/api.go:1117.27,1119.32 2 0
github.com/samouraiworld/gnomonitoring/backend/internal/api/api.go:1120.11,1121.68 1 0
github.com/samouraiworld/gnomonitoring/backend/internal/api/api.go:1126.2,1126.79 1 0
github.com/samouraiworld/gnomonitoring/backend/internal/api/api.go:1126.79,1127.19 1 0
github.com/samouraiworld/gnomonitoring/backend/internal/api/api.go:1128.23,1129.35 1 0
github.com/samouraiworld/gnomonitoring/backend/internal/api/api.go:1130.27,1132.32 2 0
github.com/samouraiworld/gnomonitoring/backend/internal/api/api.go:1133.11,1134.68 1 0
github.com/samouraiworld/gnomonitoring/backend/internal/api/api.go:1139.2,1150.45 4 0
github.com/samouraiworld/gnomonitoring/backend/internal/api/api.go:1150.45,1152.3 1 0
